TN:
SF:services\fetchWithAuth.js
FN:2,fetchWithAuth
FNF:1
FNH:1
FNDA:341,fetchWithAuth
DA:1,1
DA:2,1
DA:3,341
DA:4,341
DA:5,341
DA:6,341
DA:7,341
DA:8,341
DA:9,341
DA:10,341
DA:11,341
DA:12,341
DA:13,341
DA:14,336
DA:15,341
DA:16,0
DA:17,0
DA:18,0
DA:19,0
DA:20,0
DA:21,0
DA:22,0
DA:23,0
DA:24,0
DA:25,0
DA:26,0
DA:27,0
DA:28,0
DA:29,0
DA:30,0
DA:31,0
DA:32,0
DA:33,0
DA:34,0
DA:35,0
DA:36,336
DA:37,336
DA:38,336
LF:38
LH:18
BRDA:2,0,0,341
BRDA:6,1,0,320
BRDA:14,2,0,336
BRDA:15,3,0,0
BRDA:35,4,0,336
BRF:5
BRH:4
end_of_record
TN:
SF:services\prettyDates.js
FN:1,prettyDates
FNF:1
FNH:1
FNDA:43,prettyDates
DA:1,1
DA:2,43
DA:3,43
DA:4,43
DA:5,0
DA:6,0
DA:7,0
DA:8,0
DA:9,0
DA:10,0
DA:11,0
DA:12,43
DA:13,43
DA:14,43
DA:15,43
DA:16,43
DA:17,43
DA:18,43
DA:19,43
DA:20,43
DA:21,0
DA:22,0
DA:23,0
DA:24,43
LF:24
LH:14
BRDA:1,0,0,43
BRDA:4,1,0,0
BRDA:20,2,0,0
BRF:3
BRH:1
end_of_record
TN:
SF:services\validate.js
FN:1,validate
FNF:1
FNH:1
FNDA:183,validate
DA:1,1
DA:2,183
DA:3,183
DA:4,183
DA:5,183
DA:6,183
DA:7,183
DA:8,183
DA:9,183
DA:10,183
DA:11,183
DA:12,82
DA:13,20
DA:14,20
DA:15,82
DA:16,183
DA:17,1
DA:18,1
DA:19,1
DA:20,1
DA:21,183
DA:22,5
DA:23,5
DA:24,5
DA:25,1
DA:26,1
DA:27,5
DA:28,183
DA:29,2
DA:30,2
DA:31,1
DA:32,1
DA:33,2
DA:34,183
DA:35,2
DA:36,2
DA:37,2
DA:38,1
DA:39,1
DA:40,2
DA:41,183
DA:42,183
LF:42
LH:42
BRDA:1,0,0,183
BRDA:4,1,0,101
BRDA:5,2,0,0
BRDA:6,3,0,182
BRDA:11,4,0,101
BRDA:11,5,0,82
BRDA:12,6,0,62
BRDA:12,7,0,62
BRDA:12,8,0,20
BRDA:16,9,0,1
BRDA:16,10,0,1
BRDA:21,11,0,16
BRDA:21,12,0,5
BRDA:24,13,0,1
BRDA:28,14,0,5
BRDA:28,15,0,2
BRDA:30,16,0,1
BRDA:34,17,0,2
BRDA:34,18,0,2
BRDA:37,19,0,1
BRF:20
BRH:19
end_of_record
TN:
SF:src\App.jsx
FN:1,(empty-report)
FNF:1
FNH:0
FNDA:0,(empty-report)
DA:1,0
DA:2,0
DA:3,0
DA:4,0
DA:5,0
DA:6,0
DA:7,0
DA:8,0
DA:9,0
DA:10,0
DA:11,0
DA:12,0
DA:13,0
DA:14,0
DA:15,0
DA:16,0
DA:17,0
DA:18,0
DA:19,0
DA:20,0
DA:21,0
DA:22,0
DA:23,0
DA:24,0
DA:25,0
DA:26,0
DA:27,0
DA:29,0
DA:31,0
LF:29
LH:0
BRDA:1,0,0,0
BRF:1
BRH:0
end_of_record
TN:
SF:src\main.jsx
FN:1,(empty-report)
FNF:1
FNH:0
FNDA:0,(empty-report)
DA:1,0
DA:2,0
DA:3,0
DA:4,0
DA:5,0
DA:6,0
DA:7,0
DA:8,0
DA:9,0
DA:12,0
DA:13,0
DA:14,0
DA:15,0
DA:16,0
DA:17,0
DA:18,0
LF:16
LH:0
BRDA:1,0,0,0
BRF:1
BRH:0
end_of_record
TN:
SF:src\authRedirect\RedirectIfAuth.jsx
FN:1,(empty-report)
FNF:1
FNH:0
FNDA:0,(empty-report)
DA:1,0
DA:2,0
DA:3,0
DA:5,0
DA:6,0
DA:7,0
DA:8,0
DA:9,0
DA:11,0
LF:9
LH:0
BRDA:1,0,0,0
BRF:1
BRH:0
end_of_record
TN:
SF:src\authRedirect\RedirectIfNoPerm.jsx
FN:1,(empty-report)
FNF:1
FNH:0
FNDA:0,(empty-report)
DA:1,0
DA:2,0
DA:3,0
DA:5,0
DA:6,0
DA:7,0
DA:8,0
DA:9,0
DA:11,0
DA:12,0
DA:13,0
DA:14,0
DA:15,0
DA:16,0
DA:18,0
DA:19,0
DA:21,0
LF:17
LH:0
BRDA:1,0,0,0
BRF:1
BRH:0
end_of_record
TN:
SF:src\authRedirect\RedirectIfNotAuth.jsx
FN:1,(empty-report)
FNF:1
FNH:0
FNDA:0,(empty-report)
DA:1,0
DA:2,0
DA:3,0
DA:5,0
DA:6,0
DA:7,0
DA:8,0
DA:9,0
DA:11,0
DA:12,0
DA:13,0
DA:15,0
DA:16,0
DA:17,0
DA:18,0
DA:21,0
DA:22,0
DA:24,0
LF:18
LH:0
BRDA:1,0,0,0
BRF:1
BRH:0
end_of_record
TN:
SF:src\components\Home.jsx
FN:1,(empty-report)
FNF:1
FNH:0
FNDA:0,(empty-report)
DA:1,0
DA:2,0
DA:3,0
DA:4,0
DA:5,0
DA:6,0
DA:7,0
DA:8,0
DA:9,0
DA:10,0
DA:11,0
DA:12,0
DA:13,0
DA:14,0
DA:15,0
DA:16,0
DA:17,0
DA:18,0
DA:19,0
DA:20,0
DA:21,0
DA:22,0
DA:23,0
DA:24,0
DA:25,0
DA:26,0
DA:27,0
DA:28,0
DA:29,0
DA:30,0
DA:31,0
DA:32,0
DA:33,0
DA:34,0
DA:35,0
DA:37,0
DA:38,0
DA:39,0
DA:40,0
DA:41,0
DA:42,0
DA:43,0
DA:44,0
DA:45,0
DA:46,0
DA:47,0
DA:48,0
DA:50,0
DA:51,0
DA:52,0
DA:54,0
DA:55,0
DA:56,0
DA:57,0
DA:58,0
DA:59,0
DA:60,0
DA:61,0
DA:62,0
DA:63,0
DA:64,0
DA:65,0
DA:67,0
DA:69,0
LF:64
LH:0
BRDA:1,0,0,0
BRF:1
BRH:0
end_of_record
TN:
SF:src\components\Navbar.jsx
FN:1,(empty-report)
FNF:1
FNH:0
FNDA:0,(empty-report)
DA:1,0
DA:2,0
DA:3,0
DA:4,0
DA:5,0
DA:6,0
DA:8,0
DA:9,0
DA:11,0
DA:12,0
DA:13,0
DA:15,0
DA:16,0
DA:18,0
DA:19,0
DA:21,0
DA:22,0
DA:23,0
DA:24,0
DA:25,0
DA:26,0
DA:27,0
DA:28,0
DA:29,0
DA:30,0
DA:31,0
DA:32,0
DA:33,0
DA:34,0
DA:35,0
DA:36,0
DA:38,0
DA:39,0
DA:40,0
DA:41,0
DA:42,0
DA:43,0
DA:44,0
DA:45,0
DA:46,0
DA:47,0
DA:48,0
DA:49,0
DA:50,0
DA:51,0
DA:52,0
DA:55,0
DA:56,0
DA:57,0
DA:58,0
DA:59,0
DA:60,0
DA:61,0
DA:62,0
DA:63,0
DA:64,0
DA:65,0
DA:66,0
DA:67,0
DA:68,0
DA:69,0
DA:70,0
DA:71,0
DA:72,0
DA:73,0
DA:74,0
DA:75,0
DA:76,0
DA:77,0
DA:78,0
DA:79,0
DA:80,0
DA:81,0
DA:82,0
DA:83,0
DA:84,0
DA:86,0
DA:89,0
DA:90,0
DA:91,0
DA:92,0
DA:93,0
DA:94,0
DA:95,0
DA:96,0
DA:97,0
DA:98,0
DA:99,0
DA:100,0
DA:101,0
DA:102,0
DA:104,0
DA:106,0
DA:107,0
DA:108,0
DA:109,0
DA:111,0
DA:112,0
DA:113,0
DA:114,0
DA:116,0
DA:118,0
DA:119,0
DA:121,0
DA:122,0
DA:123,0
DA:124,0
DA:125,0
DA:126,0
DA:127,0
DA:128,0
DA:129,0
DA:130,0
DA:131,0
DA:133,0
DA:137,0
DA:138,0
DA:139,0
DA:140,0
DA:141,0
DA:142,0
DA:143,0
DA:144,0
DA:145,0
DA:146,0
DA:147,0
DA:148,0
DA:149,0
DA:150,0
DA:151,0
DA:152,0
DA:153,0
DA:154,0
DA:155,0
DA:157,0
DA:158,0
DA:159,0
DA:160,0
DA:161,0
DA:162,0
DA:163,0
DA:164,0
DA:165,0
DA:166,0
DA:167,0
DA:168,0
DA:169,0
DA:170,0
DA:171,0
DA:174,0
DA:176,0
LF:151
LH:0
BRDA:1,0,0,0
BRF:1
BRH:0
end_of_record
TN:
SF:src\components\NotFound.jsx
FN:1,(empty-report)
FNF:1
FNH:1
FNDA:1,(empty-report)
DA:2,0
DA:3,0
DA:4,0
DA:6,0
DA:7,0
DA:8,0
DA:9,0
DA:10,0
DA:11,0
DA:13,0
DA:14,0
DA:15,0
DA:17,0
LF:13
LH:0
BRDA:1,0,0,1
BRF:1
BRH:1
end_of_record
TN:
SF:src\components\ViewOnly.jsx
FN:1,(empty-report)
FNF:1
FNH:0
FNDA:0,(empty-report)
DA:1,0
DA:2,0
DA:3,0
DA:4,0
DA:5,0
DA:6,0
DA:7,0
DA:8,0
DA:9,0
DA:10,0
DA:11,0
DA:12,0
DA:13,0
DA:14,0
DA:15,0
DA:17,0
DA:19,0
LF:17
LH:0
BRDA:1,0,0,0
BRF:1
BRH:0
end_of_record
TN:
SF:src\components\auth\Login.jsx
FN:10,Login
FN:19,login
FN:62,onSubmit
FN:64,onChange
FN:67,onChange
FNF:5
FNH:5
FNDA:9,Login
FNDA:2,login
FNDA:2,onSubmit
FNDA:2,onChange
FNDA:2,onChange
DA:1,1
DA:2,1
DA:3,1
DA:4,1
DA:5,1
DA:6,1
DA:7,1
DA:9,1
DA:10,9
DA:11,9
DA:12,9
DA:13,9
DA:14,9
DA:15,9
DA:17,9
DA:19,9
DA:20,2
DA:21,2
DA:22,2
DA:23,2
DA:24,2
DA:25,2
DA:26,2
DA:27,2
DA:28,2
DA:29,2
DA:30,2
DA:31,2
DA:32,2
DA:33,2
DA:34,1
DA:35,1
DA:36,1
DA:37,1
DA:38,1
DA:39,1
DA:40,1
DA:41,1
DA:42,1
DA:43,2
DA:44,0
DA:45,0
DA:46,0
DA:47,0
DA:48,0
DA:49,2
DA:51,9
DA:52,2
DA:53,2
DA:55,7
DA:56,7
DA:57,7
DA:58,7
DA:59,7
DA:60,7
DA:61,7
DA:62,7
DA:63,7
DA:64,7
DA:66,7
DA:67,7
DA:69,7
DA:70,9
DA:71,9
DA:72,9
DA:73,9
DA:74,9
DA:75,9
DA:76,9
DA:77,9
DA:79,9
LF:71
LH:66
BRDA:10,0,0,9
BRDA:51,1,0,2
BRDA:53,2,0,7
BRDA:70,3,0,0
BRDA:70,4,0,7
BRDA:74,5,0,1
BRDA:19,6,0,2
BRDA:33,7,0,1
BRDA:40,8,0,0
BRDA:43,9,0,0
BRDA:62,10,0,2
BRDA:64,11,0,2
BRDA:67,12,0,2
BRF:13
BRH:10
end_of_record
TN:
SF:src\components\auth\Logout.jsx
FN:1,(empty-report)
FNF:1
FNH:0
FNDA:0,(empty-report)
DA:1,0
DA:2,0
DA:3,0
DA:4,0
DA:5,0
DA:6,0
DA:7,0
DA:8,0
DA:9,0
DA:11,0
DA:12,0
DA:13,0
DA:14,0
DA:15,0
DA:16,0
DA:17,0
DA:18,0
DA:19,0
DA:20,0
DA:21,0
DA:22,0
DA:23,0
DA:24,0
DA:25,0
DA:26,0
DA:27,0
DA:28,0
DA:29,0
DA:30,0
DA:31,0
DA:32,0
DA:33,0
DA:35,0
DA:36,0
LF:34
LH:0
BRDA:1,0,0,0
BRF:1
BRH:0
end_of_record
TN:
SF:src\components\batchRecord\BatchRecord.jsx
FN:9,BatchRecord
FN:24,getProjects
FN:36,getOrganizations
FN:70,handleClick
FN:110,handleChange
FN:114,handleSubmit
FN:152,callback
FN:155,callback
FN:156,onClick
FNF:9
FNH:7
FNDA:17,BatchRecord
FNDA:3,getProjects
FNDA:3,getOrganizations
FNDA:2,handleClick
FNDA:0,handleChange
FNDA:0,handleSubmit
FNDA:1,callback
FNDA:1,callback
FNDA:2,onClick
DA:1,1
DA:2,1
DA:3,1
DA:4,1
DA:5,1
DA:6,1
DA:7,1
DA:9,17
DA:10,17
DA:11,17
DA:12,17
DA:13,17
DA:14,17
DA:15,17
DA:16,17
DA:17,17
DA:18,17
DA:19,17
DA:20,17
DA:22,17
DA:23,17
DA:24,3
DA:25,3
DA:26,3
DA:27,3
DA:28,3
DA:29,3
DA:30,3
DA:31,0
DA:32,0
DA:33,0
DA:34,3
DA:35,3
DA:36,3
DA:37,3
DA:38,3
DA:39,3
DA:40,3
DA:41,3
DA:42,3
DA:43,3
DA:44,3
DA:45,0
DA:46,0
DA:47,0
DA:48,0
DA:49,3
DA:50,3
DA:51,17
DA:53,17
DA:54,6
DA:55,6
DA:56,6
DA:57,6
DA:58,6
DA:59,6
DA:60,6
DA:61,6
DA:62,6
DA:63,6
DA:64,6
DA:65,6
DA:66,6
DA:67,6
DA:68,17
DA:70,17
DA:71,2
DA:72,2
DA:73,2
DA:74,2
DA:75,1
DA:76,1
DA:77,2
DA:78,1
DA:79,1
DA:80,2
DA:81,1
DA:82,1
DA:83,1
DA:84,1
DA:85,1
DA:86,1
DA:87,1
DA:88,1
DA:89,1
DA:90,1
DA:91,1
DA:92,1
DA:93,1
DA:94,1
DA:95,1
DA:96,1
DA:97,1
DA:98,1
DA:99,1
DA:100,1
DA:101,1
DA:102,2
DA:103,0
DA:104,0
DA:105,0
DA:106,0
DA:107,1
DA:108,2
DA:110,17
DA:111,0
DA:112,0
DA:114,17
DA:115,0
DA:116,0
DA:118,0
DA:119,0
DA:120,0
DA:121,0
DA:122,0
DA:123,0
DA:124,0
DA:125,0
DA:126,0
DA:127,0
DA:128,0
DA:129,0
DA:130,0
DA:131,0
DA:132,0
DA:133,0
DA:135,0
DA:136,0
DA:137,0
DA:138,0
DA:139,0
DA:140,0
DA:141,17
DA:142,11
DA:143,11
DA:144,11
DA:145,17
DA:146,17
DA:147,17
DA:148,17
DA:149,17
DA:150,17
DA:151,11
DA:152,11
DA:153,17
DA:154,11
DA:155,11
DA:156,17
DA:157,17
DA:159,17
DA:160,17
DA:161,17
DA:162,17
DA:163,17
DA:164,17
DA:165,17
DA:166,17
DA:167,17
DA:168,17
DA:170,17
DA:172,17
LF:161
LH:124
BRDA:9,0,0,17
BRDA:141,1,0,6
BRDA:141,2,0,11
BRDA:145,3,0,1
BRDA:146,4,0,0
BRDA:147,5,0,0
BRDA:150,6,0,11
BRDA:150,7,0,11
BRDA:153,8,0,11
BRDA:153,9,0,11
BRDA:23,10,0,3
BRDA:24,11,0,3
BRDA:30,12,0,0
BRDA:36,13,0,3
BRDA:44,14,0,0
BRDA:53,15,0,6
BRDA:54,16,0,6
BRDA:55,17,0,6
BRDA:56,18,0,6
BRDA:57,19,0,6
BRDA:70,20,0,2
BRDA:74,21,0,1
BRDA:77,22,0,1
BRDA:80,23,0,1
BRDA:95,24,0,0
BRDA:102,25,0,0
BRDA:106,26,0,1
BRDA:145,27,0,2
BRDA:152,28,0,1
BRDA:155,29,0,1
BRDA:156,30,0,2
BRF:31
BRH:25
end_of_record
TN:
SF:src\components\indicators\CreateIndicator.jsx
FN:11,CreateIndicator
FN:21,getMeta
FN:42,getIndicators
FN:72,handleCancel
FN:76,handleSubmit
FNF:5
FNH:4
FNDA:8,CreateIndicator
FNDA:4,getMeta
FNDA:4,getIndicators
FNDA:0,handleCancel
FNDA:1,handleSubmit
DA:1,1
DA:2,1
DA:3,1
DA:4,1
DA:5,1
DA:6,1
DA:7,1
DA:8,1
DA:9,1
DA:11,8
DA:12,8
DA:13,8
DA:14,8
DA:15,8
DA:16,8
DA:17,8
DA:18,8
DA:20,8
DA:21,4
DA:22,4
DA:23,0
DA:24,0
DA:25,0
DA:26,4
DA:27,4
DA:28,4
DA:29,4
DA:30,4
DA:31,4
DA:32,4
DA:33,4
DA:34,0
DA:35,0
DA:36,0
DA:37,0
DA:38,4
DA:39,4
DA:40,4
DA:42,4
DA:43,4
DA:44,0
DA:45,0
DA:46,0
DA:47,0
DA:48,0
DA:49,0
DA:50,0
DA:52,4
DA:53,4
DA:54,4
DA:55,4
DA:56,4
DA:57,4
DA:58,4
DA:59,4
DA:60,0
DA:61,0
DA:62,0
DA:63,4
DA:65,4
DA:66,8
DA:68,8
DA:69,7
DA:70,8
DA:72,8
DA:73,0
DA:74,0
DA:76,8
DA:77,1
DA:78,1
DA:79,1
DA:80,1
DA:81,1
DA:82,1
DA:83,1
DA:84,1
DA:85,1
DA:86,1
DA:87,1
DA:88,1
DA:89,1
DA:90,1
DA:91,0
DA:92,0
DA:93,0
DA:94,0
DA:95,0
DA:96,0
DA:97,0
DA:98,0
DA:99,0
DA:100,0
DA:101,0
DA:102,0
DA:103,0
DA:104,0
DA:105,1
DA:106,0
DA:107,0
DA:108,0
DA:109,0
DA:110,1
DA:112,8
DA:114,4
DA:115,4
DA:116,4
DA:117,4
DA:118,4
DA:120,4
LF:109
LH:72
BRDA:11,0,0,8
BRDA:112,1,0,4
BRDA:20,2,0,4
BRDA:21,3,0,4
BRDA:22,4,0,0
BRDA:33,5,0,0
BRDA:42,6,0,4
BRDA:43,7,0,0
BRDA:59,8,0,0
BRDA:68,9,0,7
BRDA:76,10,0,1
BRDA:90,11,0,0
BRDA:105,12,0,0
BRDA:88,13,0,1
BRF:14
BRH:8
end_of_record
TN:
SF:src\components\indicators\EditIndicator.jsx
FN:12,EditIndicator
FN:25,getIndicatorDetails
FN:46,getIndicators
FN:73,getMeta
FN:99,handleCancel
FN:103,handleSubmit
FNF:6
FNH:5
FNDA:13,EditIndicator
FNDA:5,getIndicatorDetails
FNDA:5,getIndicators
FNDA:5,getMeta
FNDA:0,handleCancel
FNDA:1,handleSubmit
DA:1,1
DA:2,1
DA:3,1
DA:4,1
DA:5,1
DA:6,1
DA:7,1
DA:8,1
DA:9,1
DA:10,1
DA:12,13
DA:13,13
DA:14,13
DA:15,13
DA:16,13
DA:17,13
DA:18,13
DA:19,13
DA:20,13
DA:21,13
DA:23,13
DA:25,5
DA:26,5
DA:27,5
DA:28,2
DA:29,2
DA:30,2
DA:31,3
DA:32,3
DA:33,3
DA:34,3
DA:35,3
DA:36,3
DA:37,3
DA:38,3
DA:39,0
DA:40,0
DA:41,0
DA:42,3
DA:43,5
DA:44,5
DA:46,5
DA:47,5
DA:48,2
DA:49,2
DA:50,2
DA:51,2
DA:52,2
DA:53,2
DA:54,3
DA:55,3
DA:56,3
DA:57,3
DA:58,3
DA:59,3
DA:60,0
DA:61,0
DA:62,0
DA:63,0
DA:64,0
DA:65,3
DA:66,3
DA:67,0
DA:68,0
DA:69,0
DA:70,3
DA:71,5
DA:72,5
DA:73,5
DA:74,5
DA:75,2
DA:76,2
DA:77,2
DA:78,3
DA:79,3
DA:80,3
DA:81,3
DA:82,3
DA:83,3
DA:84,3
DA:85,3
DA:86,0
DA:87,0
DA:88,0
DA:89,0
DA:90,3
DA:91,5
DA:92,5
DA:93,13
DA:95,13
DA:96,7
DA:97,13
DA:99,13
DA:100,0
DA:101,0
DA:103,13
DA:104,1
DA:105,1
DA:106,1
DA:107,1
DA:108,1
DA:109,1
DA:110,1
DA:111,1
DA:112,1
DA:113,1
DA:114,1
DA:115,1
DA:116,1
DA:117,1
DA:118,1
DA:119,0
DA:120,0
DA:121,0
DA:122,0
DA:123,0
DA:124,0
DA:125,0
DA:126,0
DA:127,0
DA:128,0
DA:129,0
DA:130,0
DA:131,0
DA:132,0
DA:133,1
DA:134,0
DA:135,0
DA:136,0
DA:137,0
DA:138,1
DA:139,13
DA:140,13
DA:142,7
DA:143,7
DA:144,7
DA:145,7
DA:146,7
DA:148,7
LF:139
LH:104
BRDA:12,0,0,13
BRDA:140,1,0,6
BRDA:140,2,0,7
BRDA:23,3,0,5
BRDA:25,4,0,5
BRDA:27,5,0,2
BRDA:30,6,0,3
BRDA:38,7,0,0
BRDA:26,8,0,2
BRDA:36,9,0,2
BRDA:46,10,0,5
BRDA:47,11,0,2
BRDA:53,12,0,3
BRDA:59,13,0,0
BRDA:66,14,0,0
BRDA:48,15,0,8
BRDA:48,16,0,6
BRDA:49,17,0,8
BRDA:49,18,0,6
BRDA:73,19,0,5
BRDA:74,20,0,2
BRDA:77,21,0,3
BRDA:85,22,0,0
BRDA:95,23,0,7
BRDA:103,24,0,1
BRDA:104,25,0,0
BRDA:118,26,0,0
BRDA:133,27,0,0
BRDA:116,28,0,1
BRF:29
BRH:22
end_of_record
TN:
SF:src\components\indicators\IndicatorDetail.jsx
FN:17,IndicatorDetail
FN:30,getIndicatorDetails
FN:55,getProjects
FN:74,deleteIndicator
FN:118,onConfirm
FN:118,onCancel
FN:134,onClick
FN:138,callback
FNF:8
FNH:4
FNDA:12,IndicatorDetail
FNDA:7,getIndicatorDetails
FNDA:8,getProjects
FNDA:0,deleteIndicator
FNDA:0,onConfirm
FNDA:0,onCancel
FNDA:1,onClick
FNDA:0,callback
DA:1,1
DA:2,1
DA:3,1
DA:4,1
DA:5,1
DA:6,1
DA:7,1
DA:8,1
DA:9,1
DA:10,1
DA:11,1
DA:12,1
DA:13,1
DA:14,1
DA:15,1
DA:17,12
DA:18,12
DA:19,12
DA:20,12
DA:21,12
DA:22,12
DA:23,12
DA:24,12
DA:25,12
DA:26,12
DA:28,12
DA:29,12
DA:30,7
DA:31,7
DA:32,7
DA:33,4
DA:34,4
DA:35,4
DA:36,4
DA:37,3
DA:38,3
DA:39,3
DA:40,3
DA:41,3
DA:42,3
DA:43,3
DA:44,3
DA:45,0
DA:46,0
DA:47,0
DA:48,3
DA:49,7
DA:50,7
DA:52,12
DA:54,12
DA:55,8
DA:56,8
DA:57,4
DA:58,4
DA:59,4
DA:60,4
DA:61,4
DA:62,4
DA:63,4
DA:64,4
DA:65,0
DA:66,0
DA:67,0
DA:68,0
DA:69,0
DA:70,8
DA:71,8
DA:72,12
DA:74,12
DA:75,0
DA:76,0
DA:77,0
DA:78,0
DA:79,0
DA:80,0
DA:82,0
DA:83,0
DA:84,0
DA:85,0
DA:86,0
DA:87,0
DA:88,0
DA:90,0
DA:91,0
DA:93,0
DA:94,0
DA:95,0
DA:96,0
DA:97,0
DA:98,0
DA:99,0
DA:100,0
DA:101,0
DA:102,0
DA:103,0
DA:104,0
DA:105,0
DA:106,0
DA:107,0
DA:108,0
DA:109,0
DA:110,0
DA:111,0
DA:115,12
DA:116,5
DA:117,5
DA:118,12
DA:119,12
DA:120,12
DA:121,12
DA:122,12
DA:123,12
DA:124,12
DA:125,12
DA:126,12
DA:127,12
DA:128,12
DA:132,12
DA:133,12
DA:134,12
DA:135,12
DA:136,12
DA:137,5
DA:138,5
DA:139,5
DA:140,5
DA:143,12
DA:144,12
DA:145,12
DA:146,8
DA:147,8
DA:148,8
DA:149,4
DA:150,12
DA:151,12
DA:152,12
DA:153,12
DA:155,12
LF:138
LH:96
BRDA:17,0,0,12
BRDA:115,1,0,11
BRDA:115,2,0,7
BRDA:115,3,0,5
BRDA:118,4,0,1
BRDA:125,5,0,0
BRDA:134,6,0,5
BRDA:136,7,0,5
BRDA:145,8,0,4
BRDA:150,9,0,1
BRDA:29,10,0,7
BRDA:30,11,0,7
BRDA:32,12,0,4
BRDA:36,13,0,3
BRDA:44,14,0,0
BRDA:31,15,0,4
BRDA:42,16,0,3
BRDA:54,17,0,8
BRDA:55,18,0,8
BRDA:56,19,0,4
BRDA:64,20,0,0
BRDA:134,21,0,1
BRDA:145,22,0,8
BRF:23
BRH:20
end_of_record
TN:
SF:src\components\indicators\IndicatorFilters.jsx
FN:11,IndicatorFilters
FN:28,getProjects
FN:45,getMeta
FN:66,handleClickOutside
FN:84,handleChange
FN:91,onClick
FN:101,callback
FN:107,callback
FN:113,callback
FN:115,onClick
FNF:10
FNH:4
FNDA:9,IndicatorFilters
FNDA:3,getProjects
FNDA:3,getMeta
FNDA:2,handleClickOutside
FNDA:0,handleChange
FNDA:0,onClick
FNDA:0,callback
FNDA:0,callback
FNDA:0,callback
FNDA:0,onClick
DA:1,1
DA:2,1
DA:3,1
DA:4,1
DA:5,1
DA:6,1
DA:7,1
DA:8,1
DA:9,1
DA:11,9
DA:12,9
DA:13,9
DA:14,9
DA:15,9
DA:16,9
DA:17,9
DA:18,9
DA:19,9
DA:20,9
DA:21,9
DA:22,9
DA:25,9
DA:27,9
DA:28,3
DA:29,3
DA:30,3
DA:32,3
DA:33,3
DA:34,3
DA:35,3
DA:36,3
DA:37,3
DA:38,3
DA:39,0
DA:40,0
DA:41,0
DA:42,3
DA:43,3
DA:45,3
DA:46,3
DA:47,0
DA:48,0
DA:49,0
DA:50,3
DA:51,3
DA:52,3
DA:53,3
DA:54,3
DA:55,3
DA:56,3
DA:57,3
DA:58,0
DA:59,0
DA:60,0
DA:61,0
DA:62,3
DA:63,3
DA:64,3
DA:66,3
DA:67,2
DA:68,2
DA:69,2
DA:70,2
DA:71,3
DA:72,3
DA:73,9
DA:75,9
DA:76,9
DA:78,9
DA:79,9
DA:80,9
DA:81,9
DA:82,9
DA:84,9
DA:85,0
DA:86,0
DA:88,9
DA:89,6
DA:90,6
DA:91,6
DA:92,6
DA:93,6
DA:94,6
DA:95,0
DA:96,0
DA:97,0
DA:98,0
DA:99,0
DA:100,0
DA:101,0
DA:102,0
DA:103,0
DA:104,0
DA:105,0
DA:106,0
DA:107,0
DA:108,0
DA:109,0
DA:110,0
DA:111,0
DA:112,0
DA:113,0
DA:114,0
DA:115,0
DA:116,0
DA:118,9
DA:120,9
LF:107
LH:73
BRDA:11,0,0,9
BRDA:88,1,0,3
BRDA:88,2,0,6
BRDA:94,3,0,0
BRDA:27,4,0,3
BRDA:28,5,0,3
BRDA:29,6,0,0
BRDA:38,7,0,0
BRDA:45,8,0,3
BRDA:46,9,0,0
BRDA:57,10,0,0
BRDA:66,11,0,2
BRDA:72,12,0,3
BRDA:75,13,0,5
BRDA:75,14,0,4
BRDA:76,15,0,5
BRDA:76,16,0,4
BRDA:78,17,0,3
BRDA:78,18,0,12
BRDA:80,19,0,3
BRDA:80,20,0,12
BRF:21
BRH:16
end_of_record
TN:
SF:src\components\indicators\IndicatorForm.jsx
FN:5,IndicatorForm
FNF:1
FNH:1
FNDA:11,IndicatorForm
DA:1,1
DA:2,1
DA:3,1
DA:5,11
DA:6,11
DA:7,11
DA:8,11
DA:9,11
DA:10,11
DA:12,11
LF:10
LH:10
BRDA:5,0,0,11
BRDA:8,1,0,0
BRF:2
BRH:1
end_of_record
TN:
SF:src\components\indicators\IndicatorsIndex.jsx
FN:12,IndicatorCard
FN:18,handleClick
FN:50,onClick
FN:62,onClick
FN:65,onClick
FN:73,IndicatorsIndex
FN:85,loadOrgs
FN:113,setFilters
FN:123,onFilterChange
FN:129,callback
FNF:10
FNH:4
FNDA:30,IndicatorCard
FNDA:2,handleClick
FNDA:0,onClick
FNDA:0,onClick
FNDA:0,onClick
FNDA:11,IndicatorsIndex
FNDA:4,loadOrgs
FNDA:0,setFilters
FNDA:0,onFilterChange
FNDA:0,callback
DA:1,1
DA:2,1
DA:3,1
DA:4,1
DA:5,1
DA:6,1
DA:7,1
DA:8,1
DA:9,1
DA:10,1
DA:12,30
DA:13,30
DA:14,30
DA:15,30
DA:16,30
DA:18,30
DA:19,2
DA:20,2
DA:22,2
DA:24,2
DA:25,2
DA:26,0
DA:27,0
DA:28,0
DA:30,2
DA:31,2
DA:32,2
DA:33,2
DA:34,2
DA:35,2
DA:36,2
DA:37,2
DA:38,0
DA:39,0
DA:40,0
DA:41,2
DA:43,30
DA:44,30
DA:45,30
DA:46,30
DA:48,30
DA:49,30
DA:50,0
DA:52,0
DA:54,30
DA:55,30
DA:56,2
DA:57,2
DA:58,2
DA:59,0
DA:61,2
DA:62,2
DA:63,2
DA:64,2
DA:65,2
DA:66,2
DA:67,2
DA:69,30
DA:71,30
DA:73,11
DA:74,11
DA:75,11
DA:76,11
DA:77,11
DA:78,11
DA:79,11
DA:80,11
DA:81,11
DA:82,11
DA:84,11
DA:85,4
DA:86,4
DA:87,4
DA:88,4
DA:89,4
DA:90,4
DA:92,4
DA:93,4
DA:94,4
DA:95,4
DA:96,4
DA:97,4
DA:98,4
DA:99,4
DA:100,0
DA:101,0
DA:102,0
DA:103,4
DA:104,4
DA:105,0
DA:106,0
DA:107,0
DA:108,0
DA:109,4
DA:110,4
DA:111,11
DA:113,11
DA:114,0
DA:115,0
DA:116,0
DA:117,0
DA:118,11
DA:119,11
DA:120,7
DA:121,7
DA:122,11
DA:123,11
DA:124,11
DA:125,7
DA:126,11
DA:127,0
DA:128,7
DA:129,28
DA:130,7
DA:132,11
DA:133,11
DA:135,11
LF:117
LH:96
BRDA:12,0,0,30
BRDA:45,1,0,4
BRDA:45,2,0,26
BRDA:49,3,0,0
BRDA:54,4,0,4
BRDA:54,5,0,2
BRDA:55,6,0,4
BRDA:55,7,0,2
BRDA:58,8,0,0
BRDA:18,9,0,2
BRDA:22,10,0,0
BRDA:25,11,0,0
BRDA:37,12,0,0
BRDA:34,13,0,2
BRDA:73,14,0,11
BRDA:118,15,0,0
BRDA:119,16,0,4
BRDA:119,17,0,7
BRDA:122,18,0,0
BRDA:124,19,0,7
BRDA:126,20,0,7
BRDA:126,21,0,0
BRDA:127,22,0,7
BRDA:84,23,0,4
BRDA:85,24,0,4
BRDA:88,25,0,0
BRDA:89,26,0,0
BRDA:90,27,0,0
BRDA:99,28,0,0
BRDA:104,29,0,0
BRDA:118,30,0,28
BRDA:128,31,0,28
BRDA:129,32,0,0
BRF:33
BRH:19
end_of_record
TN:
SF:src\components\indicators\indicatorConfig.js
FN:1,indicatorConfig
FNF:1
FNH:1
FNDA:14,indicatorConfig
DA:1,1
DA:2,14
DA:3,14
DA:4,0
DA:5,0
DA:6,14
DA:7,14
DA:8,14
DA:9,14
DA:10,14
DA:11,14
DA:12,14
DA:13,14
DA:14,14
DA:15,14
DA:16,14
DA:17,14
DA:18,14
DA:19,14
DA:20,14
DA:21,14
DA:22,14
DA:23,14
DA:24,14
DA:25,14
DA:26,14
DA:27,14
LF:27
LH:25
BRDA:1,0,0,14
BRDA:3,1,0,4
BRDA:3,2,0,0
BRDA:7,3,0,4
BRDA:7,4,0,4
BRDA:7,5,0,10
BRDA:8,6,0,4
BRDA:8,7,0,4
BRDA:8,8,0,10
BRDA:9,9,0,7
BRDA:9,10,0,4
BRDA:9,11,0,0
BRDA:9,12,0,0
BRDA:15,13,0,4
BRDA:15,14,0,4
BRDA:15,15,0,10
BRDA:16,16,0,4
BRDA:16,17,0,4
BRDA:16,18,0,10
BRDA:22,19,0,4
BRDA:22,20,0,0
BRDA:23,21,0,4
BRDA:23,22,0,0
BRDA:24,23,0,4
BRDA:24,24,0,0
BRF:25
BRH:19
end_of_record
TN:
SF:src\components\narrativeReports\NarrativeReportDownload.jsx
FN:9,NarrativeReportDownload
FN:16,getFiles
FN:31,handleDownload
FN:66,onClick
FNF:4
FNH:4
FNDA:4,NarrativeReportDownload
FNDA:2,getFiles
FNDA:1,handleDownload
FNDA:1,onClick
DA:1,1
DA:2,1
DA:3,1
DA:4,1
DA:5,1
DA:6,1
DA:7,1
DA:9,4
DA:10,4
DA:11,4
DA:12,4
DA:13,4
DA:15,4
DA:16,2
DA:17,2
DA:18,2
DA:19,2
DA:20,2
DA:21,2
DA:22,0
DA:23,0
DA:24,2
DA:25,2
DA:26,2
DA:27,2
DA:28,2
DA:29,4
DA:31,4
DA:32,1
DA:33,1
DA:34,1
DA:35,1
DA:37,1
DA:38,1
DA:39,1
DA:40,1
DA:41,1
DA:42,1
DA:43,1
DA:44,1
DA:45,0
DA:46,0
DA:47,0
DA:48,1
DA:50,4
DA:52,2
DA:53,2
DA:54,2
DA:56,2
DA:57,0
DA:58,0
DA:59,0
DA:62,4
DA:63,4
DA:64,4
DA:65,4
DA:66,4
DA:67,4
DA:68,4
DA:69,4
DA:70,4
DA:72,4
LF:62
LH:54
BRDA:9,0,0,4
BRDA:50,1,0,2
BRDA:56,2,0,0
BRDA:62,3,0,2
BRDA:68,4,0,0
BRDA:69,5,0,0
BRDA:15,6,0,2
BRDA:16,7,0,2
BRDA:20,8,0,0
BRDA:21,9,0,0
BRDA:31,10,0,1
BRDA:39,11,0,0
BRDA:44,12,0,0
BRDA:62,13,0,4
BRDA:66,14,0,1
BRF:15
BRH:8
end_of_record
TN:
SF:src\components\narrativeReports\NarrativeReportUpload.jsx
FN:10,NarrativeReportUpload
FN:24,getOrganizations
FN:42,handleChange
FN:44,handleSubmit
FN:122,onChange
FN:132,onChange
FN:138,onClick
FNF:7
FNH:4
FNDA:9,NarrativeReportUpload
FNDA:3,getOrganizations
FNDA:1,handleChange
FNDA:2,handleSubmit
FNDA:0,onChange
FNDA:0,onChange
FNDA:0,onClick
DA:1,1
DA:2,1
DA:3,1
DA:4,1
DA:5,1
DA:6,1
DA:7,1
DA:8,1
DA:10,9
DA:11,9
DA:12,9
DA:13,9
DA:14,9
DA:15,9
DA:16,9
DA:17,9
DA:18,9
DA:19,9
DA:20,9
DA:21,9
DA:23,9
DA:24,3
DA:25,3
DA:26,3
DA:27,3
DA:28,3
DA:29,3
DA:30,0
DA:31,0
DA:32,3
DA:33,3
DA:34,3
DA:35,3
DA:36,3
DA:37,9
DA:39,9
DA:40,9
DA:42,9
DA:44,9
DA:45,2
DA:46,2
DA:47,2
DA:48,2
DA:50,2
DA:51,1
DA:52,1
DA:53,1
DA:54,1
DA:55,1
DA:56,1
DA:57,1
DA:58,1
DA:59,1
DA:61,0
DA:62,0
DA:63,0
DA:64,0
DA:65,0
DA:66,0
DA:68,0
DA:69,0
DA:70,0
DA:71,0
DA:72,0
DA:74,0
DA:75,0
DA:76,0
DA:77,0
DA:78,0
DA:79,0
DA:80,0
DA:81,0
DA:82,0
DA:83,0
DA:84,2
DA:85,0
DA:86,0
DA:87,0
DA:88,0
DA:89,2
DA:91,9
DA:93,6
DA:94,6
DA:95,6
DA:97,6
DA:98,2
DA:99,2
DA:100,2
DA:102,9
DA:104,9
DA:105,9
DA:106,9
DA:107,9
DA:108,9
DA:109,9
DA:110,9
DA:111,9
DA:112,9
DA:113,9
DA:114,9
DA:115,9
DA:116,9
DA:117,9
DA:118,9
DA:119,9
DA:120,9
DA:121,9
DA:122,9
DA:123,9
DA:124,9
DA:126,9
DA:127,9
DA:128,9
DA:129,9
DA:130,9
DA:131,9
DA:132,9
DA:133,9
DA:135,9
DA:136,9
DA:137,9
DA:138,9
DA:139,9
DA:140,9
DA:141,9
DA:142,9
DA:143,9
DA:145,9
LF:128
LH:101
BRDA:10,0,0,9
BRDA:15,1,0,0
BRDA:91,2,0,3
BRDA:91,3,0,6
BRDA:97,4,0,2
BRDA:102,5,0,0
BRDA:23,6,0,3
BRDA:24,7,0,3
BRDA:28,8,0,0
BRDA:29,9,0,0
BRDA:39,10,0,6
BRDA:39,11,0,6
BRDA:40,12,0,6
BRDA:40,13,0,6
BRDA:42,14,0,1
BRDA:44,15,0,2
BRDA:50,16,0,1
BRDA:59,17,0,0
BRDA:84,18,0,0
BRDA:99,19,0,2
BRF:20
BRH:14
end_of_record
TN:
SF:src\components\organizations\CreateOrganization.jsx
FN:14,CreateOrganization
FN:25,getOrganizations
FN:63,handleCancel
FN:67,handleSubmit
FNF:4
FNH:3
FNDA:12,CreateOrganization
FNDA:4,getOrganizations
FNDA:0,handleCancel
FNDA:1,handleSubmit
DA:1,1
DA:2,1
DA:3,1
DA:4,1
DA:5,1
DA:6,1
DA:7,1
DA:8,1
DA:9,1
DA:10,1
DA:11,1
DA:14,12
DA:15,12
DA:16,12
DA:17,12
DA:18,12
DA:19,12
DA:20,12
DA:21,12
DA:22,12
DA:24,12
DA:25,4
DA:26,4
DA:27,0
DA:28,0
DA:29,0
DA:30,0
DA:31,0
DA:32,0
DA:33,0
DA:34,4
DA:35,4
DA:36,4
DA:37,4
DA:38,4
DA:39,4
DA:40,4
DA:41,0
DA:42,0
DA:43,0
DA:44,0
DA:45,0
DA:46,4
DA:47,4
DA:48,4
DA:49,0
DA:50,0
DA:51,0
DA:52,0
DA:53,4
DA:54,4
DA:55,4
DA:56,12
DA:59,12
DA:60,4
DA:61,12
DA:63,12
DA:64,0
DA:65,0
DA:67,12
DA:68,1
DA:69,1
DA:70,0
DA:71,0
DA:72,0
DA:73,1
DA:74,1
DA:75,1
DA:76,1
DA:77,1
DA:78,1
DA:79,1
DA:80,1
DA:81,1
DA:82,1
DA:83,1
DA:84,1
DA:85,1
DA:86,0
DA:87,0
DA:88,0
DA:89,0
DA:90,0
DA:91,0
DA:92,0
DA:93,0
DA:94,0
DA:95,0
DA:96,0
DA:97,0
DA:98,0
DA:99,0
DA:100,1
DA:101,0
DA:102,0
DA:103,0
DA:104,0
DA:105,1
DA:107,12
DA:109,4
DA:110,4
DA:111,4
DA:112,4
DA:113,4
DA:115,4
LF:105
LH:66
BRDA:14,0,0,12
BRDA:107,1,0,8
BRDA:107,2,0,4
BRDA:24,3,0,4
BRDA:25,4,0,4
BRDA:26,5,0,0
BRDA:26,6,0,0
BRDA:40,7,0,0
BRDA:48,8,0,0
BRDA:59,9,0,4
BRDA:67,10,0,1
BRDA:69,11,0,0
BRDA:69,12,0,0
BRDA:85,13,0,0
BRDA:100,14,0,0
BRDA:83,15,0,1
BRF:16
BRH:8
end_of_record
TN:
SF:src\components\organizations\EditOrganization.jsx
FN:13,EditOrganization
FN:25,getOrganizations
FN:55,getOrganizationDetails
FN:89,handleCancel
FN:93,handleSubmit
FNF:5
FNH:4
FNDA:86,EditOrganization
FNDA:48,getOrganizations
FNDA:48,getOrganizationDetails
FNDA:0,handleCancel
FNDA:1,handleSubmit
DA:1,1
DA:2,1
DA:3,1
DA:4,1
DA:5,1
DA:6,1
DA:7,1
DA:8,1
DA:9,1
DA:10,1
DA:11,1
DA:13,86
DA:14,86
DA:15,86
DA:16,86
DA:17,86
DA:18,86
DA:19,86
DA:20,86
DA:21,86
DA:22,86
DA:24,86
DA:25,48
DA:26,48
DA:27,0
DA:28,0
DA:29,0
DA:30,0
DA:31,0
DA:32,0
DA:33,48
DA:34,48
DA:35,48
DA:36,48
DA:37,48
DA:38,48
DA:39,45
DA:40,45
DA:41,45
DA:42,45
DA:43,45
DA:44,48
DA:45,48
DA:46,48
DA:47,0
DA:48,0
DA:49,0
DA:50,0
DA:51,48
DA:52,48
DA:53,48
DA:55,48
DA:56,48
DA:57,48
DA:58,48
DA:59,48
DA:60,48
DA:61,45
DA:62,45
DA:63,45
DA:64,45
DA:65,3
DA:66,3
DA:67,3
DA:68,3
DA:69,3
DA:70,3
DA:71,3
DA:72,3
DA:73,3
DA:74,0
DA:75,0
DA:76,0
DA:77,0
DA:78,3
DA:79,48
DA:80,48
DA:82,86
DA:84,86
DA:85,47
DA:86,47
DA:87,86
DA:89,86
DA:90,0
DA:91,0
DA:93,86
DA:94,1
DA:95,1
DA:96,1
DA:97,1
DA:98,1
DA:99,1
DA:100,1
DA:101,1
DA:102,1
DA:103,1
DA:104,1
DA:105,1
DA:106,1
DA:107,1
DA:108,0
DA:109,0
DA:110,0
DA:111,0
DA:112,0
DA:113,0
DA:114,0
DA:115,0
DA:116,0
DA:117,0
DA:118,0
DA:119,0
DA:120,0
DA:121,0
DA:122,1
DA:123,0
DA:124,0
DA:125,0
DA:126,1
DA:128,86
DA:130,80
DA:131,80
DA:132,80
DA:133,80
DA:134,80
DA:136,80
LF:126
LH:93
BRDA:13,0,0,86
BRDA:128,1,0,6
BRDA:128,2,0,80
BRDA:24,3,0,48
BRDA:25,4,0,48
BRDA:26,5,0,0
BRDA:26,6,0,0
BRDA:38,7,0,45
BRDA:46,8,0,0
BRDA:39,9,0,90
BRDA:39,10,0,45
BRDA:40,11,0,90
BRDA:40,12,0,45
BRDA:55,13,0,48
BRDA:60,14,0,45
BRDA:64,15,0,3
BRDA:73,16,0,0
BRDA:58,17,0,45
BRDA:70,18,0,2
BRDA:84,19,0,47
BRDA:93,20,0,1
BRDA:107,21,0,0
BRDA:122,22,0,0
BRDA:105,23,0,1
BRF:24
BRH:18
end_of_record
TN:
SF:src\components\organizations\OrganizationComponents.jsx
FN:1,(empty-report)
FNF:1
FNH:0
FNDA:0,(empty-report)
DA:1,0
DA:2,0
DA:3,0
DA:4,0
DA:6,0
DA:7,0
DA:9,0
DA:10,0
DA:11,0
DA:12,0
DA:13,0
DA:14,0
DA:16,0
DA:17,0
DA:18,0
DA:19,0
DA:20,0
DA:21,0
DA:22,0
DA:23,0
DA:24,0
DA:25,0
DA:26,0
DA:27,0
DA:28,0
DA:29,0
DA:30,0
DA:31,0
DA:33,0
DA:35,0
DA:36,0
DA:37,0
DA:38,0
DA:39,0
DA:40,0
DA:42,0
DA:43,0
DA:44,0
DA:45,0
DA:46,0
DA:47,0
DA:48,0
DA:49,0
DA:50,0
DA:51,0
DA:52,0
DA:53,0
DA:54,0
DA:56,0
DA:57,0
DA:58,0
DA:59,0
DA:60,0
DA:61,0
DA:62,0
DA:63,0
DA:64,0
DA:66,0
DA:67,0
DA:68,0
DA:69,0
DA:70,0
DA:71,0
DA:72,0
DA:73,0
DA:74,0
DA:75,0
DA:76,0
DA:77,0
DA:78,0
DA:79,0
DA:80,0
DA:81,0
DA:82,0
DA:83,0
DA:84,0
DA:85,0
DA:86,0
DA:87,0
DA:88,0
DA:89,0
DA:90,0
DA:91,0
DA:92,0
DA:94,0
DA:95,0
DA:96,0
DA:97,0
DA:98,0
DA:99,0
DA:100,0
DA:101,0
DA:102,0
DA:104,0
DA:105,0
DA:106,0
DA:107,0
DA:108,0
DA:109,0
DA:110,0
DA:111,0
DA:112,0
DA:113,0
DA:114,0
DA:115,0
DA:117,0
DA:118,0
DA:119,0
DA:120,0
DA:122,0
DA:124,0
DA:125,0
DA:126,0
DA:127,0
DA:128,0
DA:130,0
DA:131,0
DA:134,0
DA:135,0
DA:136,0
DA:138,0
DA:139,0
DA:140,0
DA:141,0
DA:142,0
DA:143,0
DA:144,0
DA:145,0
DA:146,0
DA:147,0
DA:148,0
DA:149,0
DA:150,0
DA:151,0
DA:152,0
DA:153,0
DA:154,0
DA:155,0
DA:156,0
DA:157,0
DA:159,0
DA:160,0
DA:161,0
DA:162,0
DA:163,0
DA:164,0
DA:165,0
DA:166,0
DA:167,0
DA:168,0
DA:169,0
DA:170,0
DA:171,0
DA:172,0
DA:173,0
DA:174,0
DA:175,0
DA:176,0
DA:177,0
DA:178,0
DA:179,0
DA:180,0
DA:181,0
DA:182,0
DA:183,0
DA:184,0
DA:185,0
DA:186,0
DA:187,0
DA:188,0
DA:189,0
DA:190,0
DA:191,0
DA:192,0
DA:193,0
DA:194,0
DA:196,0
DA:198,0
DA:199,0
DA:200,0
DA:201,0
DA:202,0
DA:203,0
DA:204,0
DA:205,0
DA:206,0
DA:207,0
DA:209,0
DA:211,0
DA:213,0
DA:215,0
LF:191
LH:0
BRDA:1,0,0,0
BRF:1
BRH:0
end_of_record
TN:
SF:src\components\organizations\OrganizationDetail.jsx
FN:15,OrganizationDetail
FN:27,getOrganizationDetails
FN:54,getProjects
FN:73,deleteOrganization
FN:116,onConfirm
FN:116,onCancel
FN:135,onClick
FNF:7
FNH:4
FNDA:11,OrganizationDetail
FNDA:9,getOrganizationDetails
FNDA:9,getProjects
FNDA:0,deleteOrganization
FNDA:0,onConfirm
FNDA:0,onCancel
FNDA:2,onClick
DA:1,1
DA:2,1
DA:3,1
DA:4,1
DA:5,1
DA:6,1
DA:7,1
DA:8,1
DA:9,1
DA:10,1
DA:11,1
DA:12,1
DA:13,1
DA:15,11
DA:16,11
DA:17,11
DA:18,11
DA:19,11
DA:20,11
DA:21,11
DA:22,11
DA:23,11
DA:25,11
DA:26,11
DA:27,9
DA:28,9
DA:29,9
DA:30,5
DA:31,5
DA:32,5
DA:33,5
DA:34,4
DA:35,4
DA:36,4
DA:37,4
DA:38,4
DA:39,4
DA:40,4
DA:41,4
DA:42,4
DA:43,4
DA:44,0
DA:45,0
DA:46,0
DA:47,0
DA:48,4
DA:49,9
DA:50,9
DA:51,11
DA:53,11
DA:54,9
DA:55,9
DA:56,4
DA:57,4
DA:58,4
DA:59,4
DA:60,4
DA:61,4
DA:62,4
DA:63,4
DA:64,0
DA:65,0
DA:66,0
DA:67,0
DA:68,0
DA:69,9
DA:70,9
DA:71,11
DA:73,11
DA:74,0
DA:75,0
DA:76,0
DA:77,0
DA:78,0
DA:79,0
DA:80,0
DA:81,0
DA:82,0
DA:83,0
DA:84,0
DA:85,0
DA:86,0
DA:88,0
DA:89,0
DA:91,0
DA:92,0
DA:93,0
DA:94,0
DA:95,0
DA:96,0
DA:97,0
DA:98,0
DA:99,0
DA:100,0
DA:101,0
DA:102,0
DA:103,0
DA:104,0
DA:105,0
DA:106,0
DA:107,0
DA:108,0
DA:109,0
DA:113,11
DA:114,6
DA:115,6
DA:116,10
DA:117,11
DA:118,11
DA:119,11
DA:120,11
DA:121,11
DA:122,11
DA:123,11
DA:124,11
DA:125,11
DA:126,11
DA:127,11
DA:128,6
DA:129,6
DA:130,6
DA:131,6
DA:132,6
DA:133,11
DA:134,11
DA:135,11
DA:136,11
DA:137,11
DA:138,11
DA:139,11
DA:140,11
DA:141,4
DA:142,4
DA:143,4
DA:144,2
DA:145,11
DA:146,11
DA:148,11
DA:149,11
DA:150,11
DA:151,11
DA:152,11
DA:153,11
DA:154,11
DA:155,11
DA:156,11
DA:157,11
DA:158,11
DA:159,11
DA:160,11
DA:161,11
DA:162,11
DA:163,11
DA:164,11
DA:165,11
DA:166,11
DA:168,11
LF:157
LH:114
BRDA:15,0,0,11
BRDA:113,1,0,5
BRDA:113,2,0,10
BRDA:113,3,0,6
BRDA:116,4,0,2
BRDA:123,5,0,6
BRDA:124,6,0,0
BRDA:125,7,0,0
BRDA:126,8,0,0
BRDA:127,9,0,6
BRDA:127,10,0,6
BRDA:135,11,0,6
BRDA:140,12,0,2
BRDA:145,13,0,4
BRDA:152,14,0,6
BRDA:152,15,0,0
BRDA:156,16,0,6
BRDA:156,17,0,0
BRDA:157,18,0,6
BRDA:157,19,0,0
BRDA:160,20,0,6
BRDA:160,21,0,0
BRDA:161,22,0,6
BRDA:161,23,0,0
BRDA:162,24,0,6
BRDA:162,25,0,0
BRDA:26,26,0,9
BRDA:27,27,0,9
BRDA:29,28,0,5
BRDA:33,29,0,4
BRDA:43,30,0,0
BRDA:28,31,0,5
BRDA:40,32,0,4
BRDA:53,33,0,9
BRDA:54,34,0,9
BRDA:55,35,0,5
BRDA:55,36,0,4
BRDA:63,37,0,0
BRDA:130,38,0,6
BRDA:135,39,0,2
BRDA:140,40,0,4
BRF:41
BRH:30
end_of_record
TN:
SF:src\components\organizations\OrganizationFilters.jsx
FN:10,OrganizationFilters
FN:29,getProjects
FN:46,handleClickOutside
FN:83,handleChange
FN:90,onClick
FN:101,callback
FN:108,callback
FN:110,onClick
FNF:8
FNH:3
FNDA:7,OrganizationFilters
FNDA:3,getProjects
FNDA:1,handleClickOutside
FNDA:0,handleChange
FNDA:0,onClick
FNDA:0,callback
FNDA:0,callback
FNDA:0,onClick
DA:1,1
DA:2,1
DA:3,1
DA:4,1
DA:5,1
DA:6,1
DA:7,1
DA:8,1
DA:10,7
DA:11,7
DA:12,7
DA:13,7
DA:14,7
DA:15,7
DA:16,7
DA:21,7
DA:22,7
DA:24,7
DA:26,7
DA:28,7
DA:29,3
DA:30,3
DA:31,3
DA:33,3
DA:34,3
DA:35,3
DA:36,3
DA:37,3
DA:38,3
DA:39,3
DA:40,0
DA:41,0
DA:42,0
DA:43,3
DA:44,3
DA:46,3
DA:47,1
DA:48,1
DA:49,1
DA:50,1
DA:51,3
DA:52,3
DA:53,7
DA:56,7
DA:57,7
DA:59,7
DA:60,7
DA:61,7
DA:62,7
DA:83,7
DA:84,0
DA:85,0
DA:87,7
DA:88,4
DA:89,4
DA:90,4
DA:91,4
DA:92,4
DA:93,4
DA:94,0
DA:95,0
DA:96,0
DA:97,0
DA:98,0
DA:99,0
DA:100,0
DA:101,0
DA:102,0
DA:103,0
DA:104,0
DA:105,0
DA:106,0
DA:107,0
DA:108,0
DA:109,0
DA:110,0
DA:111,0
DA:113,7
DA:115,7
LF:79
LH:56
BRDA:10,0,0,7
BRDA:87,1,0,3
BRDA:87,2,0,4
BRDA:93,3,0,0
BRDA:28,4,0,3
BRDA:29,5,0,3
BRDA:30,6,0,0
BRDA:39,7,0,0
BRDA:46,8,0,1
BRDA:52,9,0,3
BRDA:56,10,0,5
BRDA:56,11,0,4
BRDA:57,12,0,5
BRDA:57,13,0,4
BRDA:59,14,0,3
BRDA:59,15,0,6
BRDA:60,16,0,3
BRDA:60,17,0,6
BRF:18
BRH:15
end_of_record
TN:
SF:src\components\organizations\OrganizationForm.jsx
FN:5,OrganizationForm
FNF:1
FNH:1
FNDA:84,OrganizationForm
DA:1,1
DA:2,1
DA:3,1
DA:5,84
DA:6,84
DA:7,84
DA:8,84
DA:9,84
DA:10,84
DA:12,84
LF:10
LH:10
BRDA:5,0,0,84
BRDA:8,1,0,0
BRF:2
BRH:1
end_of_record
TN:
SF:src\components\organizations\OrganizationsIndex.jsx
FN:12,OrganizationCard
FN:18,handleClick
FN:47,onClick
FN:63,OrganizationsIndex
FN:74,loadOrgs
FN:101,setFilters
FN:110,onFilterChange
FNF:7
FNH:4
FNDA:9,OrganizationCard
FNDA:1,handleClick
FNDA:0,onClick
FNDA:8,OrganizationsIndex
FNDA:4,loadOrgs
FNDA:0,setFilters
FNDA:0,onFilterChange
DA:1,1
DA:2,1
DA:3,1
DA:4,1
DA:5,1
DA:6,1
DA:7,1
DA:8,1
DA:9,1
DA:10,1
DA:12,9
DA:13,9
DA:14,9
DA:15,9
DA:16,9
DA:18,9
DA:19,1
DA:20,1
DA:22,1
DA:24,1
DA:25,1
DA:26,0
DA:27,0
DA:28,0
DA:30,1
DA:31,1
DA:32,1
DA:33,1
DA:34,1
DA:35,1
DA:36,1
DA:37,1
DA:38,0
DA:39,0
DA:40,0
DA:41,0
DA:42,1
DA:43,9
DA:44,8
DA:45,9
DA:46,9
DA:47,9
DA:48,9
DA:49,1
DA:50,1
DA:51,1
DA:52,1
DA:54,1
DA:55,1
DA:57,1
DA:59,9
DA:61,9
DA:63,8
DA:64,8
DA:65,8
DA:66,8
DA:67,8
DA:68,8
DA:69,8
DA:70,8
DA:71,8
DA:73,8
DA:74,4
DA:75,4
DA:76,4
DA:77,4
DA:78,4
DA:80,4
DA:81,4
DA:82,4
DA:83,4
DA:84,4
DA:85,4
DA:86,4
DA:87,4
DA:88,0
DA:89,0
DA:90,0
DA:91,4
DA:92,4
DA:93,0
DA:94,0
DA:95,0
DA:96,0
DA:97,4
DA:98,4
DA:99,8
DA:101,8
DA:102,0
DA:103,0
DA:104,0
DA:105,8
DA:106,8
DA:107,4
DA:108,4
DA:109,8
DA:110,8
DA:111,8
DA:112,4
DA:113,8
DA:114,0
DA:115,4
DA:116,8
DA:117,4
DA:119,8
DA:120,8
DA:122,8
LF:107
LH:89
BRDA:12,0,0,9
BRDA:43,1,0,1
BRDA:43,2,0,8
BRDA:45,3,0,1
BRDA:45,4,0,7
BRDA:47,5,0,0
BRDA:48,6,0,1
BRDA:48,7,0,1
BRDA:50,8,0,0
BRDA:18,9,0,1
BRDA:22,10,0,0
BRDA:25,11,0,0
BRDA:37,12,0,0
BRDA:34,13,0,1
BRDA:63,14,0,8
BRDA:105,15,0,0
BRDA:106,16,0,4
BRDA:109,17,0,0
BRDA:111,18,0,4
BRDA:113,19,0,4
BRDA:113,20,0,0
BRDA:114,21,0,4
BRDA:73,22,0,4
BRDA:74,23,0,4
BRDA:77,24,0,0
BRDA:78,25,0,0
BRDA:87,26,0,0
BRDA:92,27,0,0
BRDA:105,28,0,8
BRDA:115,29,0,8
BRDA:116,30,0,0
BRF:31
BRH:18
end_of_record
TN:
SF:src\components\organizations\organizationConfig.js
FN:1,organizationConfig
FNF:1
FNH:1
FNDA:51,organizationConfig
DA:1,1
DA:2,51
DA:3,51
DA:4,51
DA:5,51
DA:6,51
DA:7,51
DA:8,51
DA:9,51
DA:10,51
DA:11,51
DA:12,51
DA:13,51
DA:14,51
DA:15,51
DA:16,51
DA:17,51
DA:18,51
LF:18
LH:18
BRDA:1,0,0,51
BRDA:3,1,0,47
BRDA:3,2,0,44
BRDA:3,3,0,7
BRDA:4,4,0,47
BRDA:4,5,0,44
BRDA:4,6,0,7
BRDA:5,7,0,47
BRDA:5,8,0,0
BRDA:11,9,0,47
BRDA:11,10,0,44
BRDA:11,11,0,7
BRDA:12,12,0,47
BRDA:12,13,0,44
BRDA:12,14,0,7
BRDA:13,15,0,47
BRDA:13,16,0,44
BRDA:13,17,0,7
BRDA:14,18,0,47
BRDA:14,19,0,44
BRDA:14,20,0,7
BRDA:15,21,0,47
BRDA:15,22,0,44
BRDA:15,23,0,7
BRDA:16,24,0,47
BRDA:16,25,0,44
BRDA:16,26,0,7
BRF:27
BRH:26
end_of_record
TN:
SF:src\components\projects\CreateClientModal.jsx
FN:6,CreateClient
FN:10,handleSubmit
FN:57,onChange
FN:58,onClick
FN:59,onClick
FNF:5
FNH:5
FNDA:9,CreateClient
FNDA:3,handleSubmit
FNDA:2,onChange
FNDA:3,onClick
FNDA:1,onClick
DA:1,1
DA:2,1
DA:3,1
DA:4,1
DA:6,9
DA:7,9
DA:8,9
DA:10,9
DA:11,3
DA:12,1
DA:13,1
DA:14,1
DA:15,2
DA:16,2
DA:17,2
DA:18,2
DA:19,2
DA:20,2
DA:21,2
DA:22,2
DA:23,2
DA:24,2
DA:25,2
DA:26,3
DA:27,1
DA:28,1
DA:29,1
DA:30,1
DA:31,1
DA:32,1
DA:33,1
DA:34,1
DA:35,1
DA:36,1
DA:37,0
DA:38,0
DA:39,0
DA:40,1
DA:41,1
DA:42,1
DA:43,3
DA:44,0
DA:45,0
DA:46,0
DA:47,0
DA:48,3
DA:49,9
DA:50,9
DA:51,9
DA:52,2
DA:53,2
DA:54,2
DA:56,9
DA:57,9
DA:58,9
DA:59,9
DA:60,9
DA:61,9
DA:63,9
LF:59
LH:52
BRDA:6,0,0,9
BRDA:51,1,0,2
BRDA:10,2,0,3
BRDA:11,3,0,1
BRDA:14,4,0,2
BRDA:26,5,0,1
BRDA:36,6,0,0
BRDA:43,7,0,0
BRDA:33,8,0,1
BRDA:53,9,0,2
BRDA:57,10,0,2
BRDA:58,11,0,3
BRDA:59,12,0,1
BRF:13
BRH:11
end_of_record
TN:
SF:src\components\projects\CreateProject.jsx
FN:13,CreateProject
FN:24,getProjectMeta
FN:79,updateClients
FN:85,handleCancel
FN:88,handleSubmit
FN:132,onCancel
FN:135,onClick
FNF:7
FNH:3
FNDA:16,CreateProject
FNDA:7,getProjectMeta
FNDA:0,updateClients
FNDA:0,handleCancel
FNDA:1,handleSubmit
FNDA:0,onCancel
FNDA:0,onClick
DA:1,1
DA:2,1
DA:3,1
DA:4,1
DA:5,1
DA:6,1
DA:7,1
DA:8,1
DA:9,1
DA:10,1
DA:11,1
DA:13,16
DA:14,16
DA:15,16
DA:16,16
DA:17,16
DA:18,16
DA:19,16
DA:20,16
DA:21,16
DA:23,16
DA:24,7
DA:25,7
DA:26,3
DA:27,3
DA:28,3
DA:29,3
DA:30,3
DA:31,3
DA:32,3
DA:33,3
DA:34,3
DA:35,3
DA:36,4
DA:37,4
DA:38,4
DA:39,4
DA:40,4
DA:41,4
DA:42,4
DA:43,4
DA:44,4
DA:45,4
DA:46,4
DA:47,4
DA:48,4
DA:49,4
DA:50,0
DA:51,0
DA:52,0
DA:53,0
DA:55,4
DA:56,7
DA:57,7
DA:59,16
DA:61,16
DA:62,9
DA:63,9
DA:64,9
DA:65,9
DA:66,9
DA:67,9
DA:68,9
DA:69,9
DA:70,9
DA:71,9
DA:72,9
DA:73,9
DA:74,9
DA:75,9
DA:76,16
DA:79,16
DA:80,0
DA:81,0
DA:82,0
DA:83,0
DA:85,16
DA:86,0
DA:87,0
DA:88,16
DA:89,1
DA:90,0
DA:91,0
DA:92,0
DA:93,1
DA:94,1
DA:95,1
DA:96,1
DA:97,1
DA:98,1
DA:99,1
DA:100,1
DA:101,1
DA:102,1
DA:103,1
DA:104,1
DA:105,1
DA:106,1
DA:107,0
DA:108,0
DA:109,0
DA:110,0
DA:111,0
DA:112,0
DA:113,0
DA:114,0
DA:115,0
DA:116,0
DA:117,0
DA:118,0
DA:119,0
DA:120,0
DA:121,1
DA:122,0
DA:123,0
DA:124,0
DA:125,0
DA:126,1
DA:128,16
DA:130,8
DA:131,8
DA:132,16
DA:133,16
DA:134,16
DA:135,16
DA:136,16
DA:137,16
DA:139,16
LF:128
LH:97
BRDA:13,0,0,16
BRDA:128,1,0,8
BRDA:132,2,0,0
BRDA:134,3,0,0
BRDA:23,4,0,7
BRDA:24,5,0,7
BRDA:25,6,0,3
BRDA:35,7,0,4
BRDA:49,8,0,0
BRDA:27,9,0,6
BRDA:28,10,0,6
BRDA:43,11,0,8
BRDA:44,12,0,8
BRDA:61,13,0,9
BRDA:88,14,0,1
BRDA:89,15,0,0
BRDA:106,16,0,0
BRDA:121,17,0,0
BRDA:104,18,0,1
BRF:19
BRH:13
end_of_record
TN:
SF:src\components\projects\EditProject.jsx
FN:11,EditProject
FN:23,getProjectMeta
FN:54,getProjectDetails
FN:100,handleCancel
FN:104,handleSubmit
FNF:5
FNH:4
FNDA:14,EditProject
FNDA:6,getProjectMeta
FNDA:6,getProjectDetails
FNDA:0,handleCancel
FNDA:1,handleSubmit
DA:1,1
DA:2,1
DA:3,1
DA:4,1
DA:5,1
DA:6,1
DA:7,1
DA:8,1
DA:9,1
DA:11,14
DA:12,14
DA:13,14
DA:14,14
DA:15,14
DA:16,14
DA:17,14
DA:18,14
DA:19,14
DA:20,14
DA:22,14
DA:23,6
DA:24,6
DA:25,3
DA:26,3
DA:27,3
DA:28,3
DA:29,3
DA:30,3
DA:31,3
DA:32,3
DA:33,3
DA:34,3
DA:35,3
DA:36,3
DA:37,3
DA:38,3
DA:39,3
DA:40,3
DA:41,3
DA:42,3
DA:43,3
DA:44,3
DA:45,3
DA:46,0
DA:47,0
DA:48,0
DA:50,3
DA:51,6
DA:52,6
DA:54,6
DA:55,6
DA:56,6
DA:57,6
DA:58,3
DA:59,3
DA:60,3
DA:61,3
DA:62,3
DA:63,3
DA:64,3
DA:65,3
DA:66,3
DA:67,3
DA:68,3
DA:69,3
DA:70,3
DA:71,0
DA:72,0
DA:73,0
DA:74,0
DA:75,3
DA:76,6
DA:77,6
DA:79,14
DA:81,14
DA:82,8
DA:83,8
DA:84,8
DA:85,8
DA:86,8
DA:87,8
DA:88,8
DA:89,8
DA:90,8
DA:91,8
DA:92,8
DA:93,8
DA:94,8
DA:95,8
DA:96,8
DA:97,14
DA:100,14
DA:101,0
DA:102,0
DA:104,14
DA:105,1
DA:106,0
DA:107,0
DA:108,0
DA:109,1
DA:110,1
DA:111,1
DA:112,1
DA:113,1
DA:114,1
DA:115,1
DA:116,1
DA:117,1
DA:118,1
DA:119,1
DA:120,1
DA:121,1
DA:122,1
DA:123,0
DA:124,0
DA:125,0
DA:126,0
DA:127,0
DA:128,0
DA:129,0
DA:130,0
DA:131,0
DA:132,0
DA:133,0
DA:134,0
DA:135,0
DA:136,0
DA:137,1
DA:138,0
DA:139,0
DA:140,0
DA:141,0
DA:142,1
DA:144,14
DA:146,8
DA:147,8
DA:148,8
DA:149,8
DA:150,8
DA:152,8
LF:140
LH:110
BRDA:11,0,0,14
BRDA:144,1,0,6
BRDA:144,2,0,8
BRDA:22,3,0,6
BRDA:23,4,0,6
BRDA:24,5,0,3
BRDA:45,6,0,0
BRDA:26,7,0,6
BRDA:27,8,0,6
BRDA:40,9,0,6
BRDA:41,10,0,6
BRDA:54,11,0,6
BRDA:57,12,0,3
BRDA:70,13,0,0
BRDA:56,14,0,3
BRDA:67,15,0,2
BRDA:81,16,0,8
BRDA:84,17,0,5
BRDA:84,18,0,3
BRDA:85,19,0,5
BRDA:85,20,0,3
BRDA:86,21,0,5
BRDA:86,22,0,3
BRDA:87,23,0,5
BRDA:87,24,0,3
BRDA:92,25,0,5
BRDA:92,26,0,3
BRDA:95,27,0,5
BRDA:95,28,0,3
BRDA:104,29,0,1
BRDA:105,30,0,0
BRDA:122,31,0,0
BRDA:137,32,0,0
BRDA:120,33,0,1
BRF:34
BRH:29
end_of_record
TN:
SF:src\components\projects\ProjectFilters.jsx
FN:11,ProjectFilters
FN:28,getProjectMeta
FN:62,handleClickOutside
FN:71,handleChange
FN:86,onClick
FN:94,onChange
FN:96,onChange
FN:102,callback
FN:109,callback
FN:111,onClick
FNF:10
FNH:3
FNDA:10,ProjectFilters
FNDA:5,getProjectMeta
FNDA:2,handleClickOutside
FNDA:0,handleChange
FNDA:0,onClick
FNDA:0,onChange
FNDA:0,onChange
FNDA:0,callback
FNDA:0,callback
FNDA:0,onClick
DA:1,1
DA:2,1
DA:3,1
DA:4,1
DA:5,1
DA:6,1
DA:7,1
DA:8,1
DA:9,1
DA:11,10
DA:12,10
DA:13,10
DA:14,10
DA:15,10
DA:16,10
DA:17,10
DA:18,10
DA:19,10
DA:20,10
DA:21,10
DA:22,10
DA:23,10
DA:24,10
DA:25,10
DA:27,10
DA:28,5
DA:29,5
DA:30,2
DA:31,2
DA:32,2
DA:33,2
DA:34,2
DA:35,2
DA:36,2
DA:37,2
DA:38,2
DA:39,3
DA:40,3
DA:41,3
DA:42,3
DA:43,3
DA:44,3
DA:45,3
DA:46,3
DA:47,3
DA:48,3
DA:49,3
DA:50,3
DA:51,3
DA:52,3
DA:53,0
DA:54,0
DA:55,0
DA:56,0
DA:58,3
DA:59,5
DA:60,5
DA:62,5
DA:63,2
DA:64,2
DA:65,2
DA:66,2
DA:67,5
DA:68,5
DA:69,10
DA:71,10
DA:72,0
DA:73,0
DA:74,0
DA:75,0
DA:76,0
DA:77,0
DA:78,0
DA:79,0
DA:80,0
DA:81,0
DA:82,0
DA:83,10
DA:84,7
DA:85,7
DA:86,7
DA:87,7
DA:88,7
DA:89,7
DA:90,0
DA:91,0
DA:92,0
DA:93,0
DA:94,0
DA:95,0
DA:96,0
DA:97,0
DA:98,0
DA:99,0
DA:100,0
DA:101,0
DA:102,0
DA:103,0
DA:105,0
DA:106,0
DA:107,0
DA:108,0
DA:109,0
DA:110,0
DA:111,0
DA:112,0
DA:114,10
DA:116,10
LF:108
LH:71
BRDA:11,0,0,10
BRDA:83,1,0,3
BRDA:83,2,0,7
BRDA:89,3,0,0
BRDA:27,4,0,5
BRDA:28,5,0,5
BRDA:29,6,0,2
BRDA:38,7,0,3
BRDA:52,8,0,0
BRDA:31,9,0,4
BRDA:32,10,0,4
BRDA:46,11,0,6
BRDA:47,12,0,6
BRDA:62,13,0,2
BRDA:68,14,0,5
BRF:15
BRH:13
end_of_record
TN:
SF:src\components\projects\ProjectForm.jsx
FN:5,ProjectForm
FNF:1
FNH:1
FNDA:16,ProjectForm
DA:1,1
DA:2,1
DA:3,1
DA:5,16
DA:6,16
DA:7,16
DA:8,16
DA:9,16
DA:10,16
DA:12,16
LF:10
LH:10
BRDA:5,0,0,16
BRDA:8,1,0,0
BRF:2
BRH:1
end_of_record
TN:
SF:src\components\projects\ProjectsIndex.jsx
FN:12,ProjectCard
FN:18,handleClick
FN:61,ProjectsIndex
FN:74,loadProjects
FN:102,setFilters
FN:113,onFilterChange
FNF:6
FNH:4
FNDA:16,ProjectCard
FNDA:2,handleClick
FNDA:11,ProjectsIndex
FNDA:4,loadProjects
FNDA:0,setFilters
FNDA:0,onFilterChange
DA:1,1
DA:2,1
DA:3,1
DA:4,1
DA:5,1
DA:6,1
DA:7,1
DA:8,1
DA:9,1
DA:10,1
DA:12,16
DA:13,16
DA:14,16
DA:15,16
DA:16,16
DA:17,16
DA:18,16
DA:19,2
DA:20,2
DA:22,2
DA:24,2
DA:25,2
DA:26,0
DA:27,0
DA:28,0
DA:30,2
DA:31,2
DA:32,2
DA:33,2
DA:34,2
DA:35,2
DA:36,2
DA:37,2
DA:38,0
DA:39,0
DA:40,0
DA:41,0
DA:42,2
DA:44,16
DA:45,16
DA:46,16
DA:47,16
DA:48,16
DA:49,2
DA:50,2
DA:51,2
DA:52,2
DA:53,2
DA:54,2
DA:55,2
DA:57,16
DA:59,16
DA:61,11
DA:62,11
DA:63,11
DA:64,11
DA:65,11
DA:66,11
DA:67,11
DA:68,11
DA:69,11
DA:70,11
DA:71,11
DA:73,11
DA:74,4
DA:75,4
DA:76,4
DA:77,4
DA:78,4
DA:79,4
DA:80,4
DA:82,4
DA:83,4
DA:84,4
DA:85,4
DA:86,4
DA:87,4
DA:88,4
DA:89,4
DA:90,0
DA:91,0
DA:92,4
DA:93,4
DA:94,0
DA:95,0
DA:96,0
DA:97,0
DA:98,4
DA:99,4
DA:100,11
DA:102,11
DA:103,0
DA:104,0
DA:105,0
DA:106,0
DA:107,0
DA:109,11
DA:110,7
DA:111,7
DA:112,11
DA:113,11
DA:114,11
DA:116,11
DA:117,0
DA:118,7
DA:119,14
DA:120,7
DA:122,11
DA:123,11
DA:125,11
LF:110
LH:91
BRDA:12,0,0,16
BRDA:45,1,0,4
BRDA:45,2,0,12
BRDA:47,3,0,4
BRDA:47,4,0,2
BRDA:48,5,0,4
BRDA:48,6,0,2
BRDA:18,7,0,2
BRDA:22,8,0,0
BRDA:25,9,0,0
BRDA:37,10,0,0
BRDA:34,11,0,2
BRDA:61,12,0,11
BRDA:109,13,0,4
BRDA:109,14,0,7
BRDA:112,15,0,0
BRDA:114,16,0,7
BRDA:116,17,0,0
BRDA:117,18,0,7
BRDA:73,19,0,4
BRDA:74,20,0,4
BRDA:77,21,0,0
BRDA:78,22,0,0
BRDA:79,23,0,0
BRDA:80,24,0,0
BRDA:89,25,0,0
BRDA:93,26,0,0
BRDA:118,27,0,14
BRF:28
BRH:17
end_of_record
TN:
SF:src\components\projects\projectDetail\ProjectDetail.jsx
FN:17,ProjectInfo
FN:22,deleteProject
FN:68,onConfirm
FN:68,onCancel
FN:76,onClick
FN:82,ProjectViewSwitch
FN:90,ProjectDetail
FN:101,getGridTemplate
FN:108,getProjectDetails
FN:136,callback
FN:136,visChange
FN:142,onClick
FN:143,onRemove
FN:145,callback
FN:145,visChange
FNF:15
FNH:6
FNDA:4,ProjectInfo
FNDA:0,deleteProject
FNDA:0,onConfirm
FNDA:0,onCancel
FNDA:1,onClick
FNDA:3,ProjectViewSwitch
FNDA:8,ProjectDetail
FNDA:4,getGridTemplate
FNDA:7,getProjectDetails
FNDA:0,callback
FNDA:0,visChange
FNDA:0,onClick
FNDA:0,onRemove
FNDA:0,callback
FNDA:0,visChange
DA:1,1
DA:2,1
DA:3,1
DA:4,1
DA:5,1
DA:6,1
DA:7,1
DA:8,1
DA:9,1
DA:10,1
DA:11,1
DA:12,1
DA:13,1
DA:14,1
DA:15,1
DA:17,4
DA:18,4
DA:19,4
DA:20,4
DA:22,4
DA:23,0
DA:24,0
DA:25,0
DA:26,0
DA:27,0
DA:28,0
DA:29,0
DA:30,0
DA:31,0
DA:32,0
DA:33,0
DA:34,0
DA:35,0
DA:37,0
DA:38,0
DA:40,0
DA:41,0
DA:42,0
DA:43,0
DA:44,0
DA:45,0
DA:46,0
DA:47,0
DA:48,0
DA:49,0
DA:50,0
DA:51,0
DA:52,0
DA:53,0
DA:54,0
DA:55,0
DA:56,0
DA:57,0
DA:58,0
DA:61,4
DA:62,4
DA:63,4
DA:64,4
DA:65,1
DA:66,1
DA:67,1
DA:68,1
DA:69,1
DA:70,4
DA:71,4
DA:72,4
DA:73,4
DA:74,4
DA:75,4
DA:76,4
DA:77,4
DA:78,4
DA:80,4
DA:82,3
DA:83,3
DA:84,3
DA:85,3
DA:86,3
DA:87,3
DA:88,3
DA:90,8
DA:91,8
DA:92,8
DA:93,8
DA:94,8
DA:95,8
DA:96,8
DA:97,8
DA:98,8
DA:99,8
DA:101,8
DA:102,4
DA:103,4
DA:104,4
DA:105,0
DA:106,4
DA:107,8
DA:108,7
DA:109,7
DA:110,7
DA:111,4
DA:112,4
DA:113,4
DA:114,4
DA:115,3
DA:116,3
DA:117,3
DA:118,3
DA:119,3
DA:120,3
DA:121,3
DA:122,3
DA:123,3
DA:124,0
DA:125,0
DA:126,0
DA:127,0
DA:128,3
DA:129,7
DA:130,7
DA:131,8
DA:133,8
DA:134,4
DA:135,4
DA:136,4
DA:137,4
DA:138,4
DA:139,4
DA:140,4
DA:141,4
DA:142,4
DA:143,4
DA:144,4
DA:145,4
DA:146,4
DA:148,4
LF:136
LH:97
BRDA:17,0,0,4
BRDA:64,1,0,1
BRDA:70,2,0,0
BRDA:76,3,0,1
BRDA:82,4,0,3
BRDA:83,5,0,0
BRDA:84,6,0,0
BRDA:84,7,0,0
BRDA:85,8,0,0
BRDA:86,9,0,0
BRDA:86,10,0,0
BRDA:90,11,0,8
BRDA:133,12,0,4
BRDA:101,13,0,4
BRDA:102,14,0,0
BRDA:103,15,0,0
BRDA:104,16,0,0
BRDA:107,17,0,7
BRDA:108,18,0,7
BRDA:110,19,0,4
BRDA:114,20,0,3
BRDA:123,21,0,0
BRDA:109,22,0,4
BRDA:120,23,0,3
BRF:24
BRH:13
end_of_record
TN:
SF:src\components\projects\projectDetail\ProjectIndicators.jsx
FN:14,IndicatorCard
FN:15,handleDragStart
FN:20,onClick
FN:26,IndicatorsBar
FN:31,onClick
FN:36,onClick
FN:48,AddIndicator
FN:117,ViewIndicator
FNF:8
FNH:3
FNDA:24,IndicatorCard
FNDA:0,handleDragStart
FNDA:1,onClick
FNDA:6,IndicatorsBar
FNDA:0,onClick
FNDA:0,onClick
FNDA:0,AddIndicator
FNDA:0,ViewIndicator
DA:1,1
DA:2,1
DA:3,1
DA:4,1
DA:5,1
DA:6,1
DA:7,1
DA:8,1
DA:9,1
DA:10,1
DA:11,1
DA:12,1
DA:14,24
DA:15,24
DA:16,0
DA:17,0
DA:19,24
DA:20,24
DA:21,24
DA:22,24
DA:24,24
DA:26,1
DA:27,6
DA:28,6
DA:29,6
DA:30,6
DA:31,6
DA:32,6
DA:33,6
DA:34,6
DA:35,6
DA:36,6
DA:37,6
DA:38,24
DA:39,6
DA:40,0
DA:42,6
DA:43,6
DA:45,6
DA:48,1
DA:49,0
DA:50,0
DA:51,0
DA:53,0
DA:54,0
DA:55,0
DA:56,0
DA:57,0
DA:58,0
DA:59,0
DA:60,0
DA:61,0
DA:62,0
DA:63,0
DA:64,0
DA:65,0
DA:66,0
DA:67,0
DA:68,0
DA:69,0
DA:70,0
DA:71,0
DA:72,0
DA:73,0
DA:74,0
DA:75,0
DA:76,0
DA:77,0
DA:78,0
DA:79,0
DA:80,0
DA:81,0
DA:82,0
DA:83,0
DA:84,0
DA:85,0
DA:86,0
DA:87,0
DA:88,0
DA:89,0
DA:90,0
DA:91,0
DA:92,0
DA:93,0
DA:94,0
DA:95,0
DA:96,0
DA:97,0
DA:98,0
DA:99,0
DA:100,0
DA:101,0
DA:102,0
DA:103,0
DA:104,0
DA:105,0
DA:106,0
DA:107,0
DA:108,0
DA:109,0
DA:110,0
DA:111,0
DA:112,0
DA:114,0
DA:117,1
DA:118,0
DA:119,0
DA:120,0
DA:121,0
DA:122,0
DA:123,0
DA:124,0
DA:125,0
DA:126,0
DA:127,0
DA:128,0
DA:129,0
DA:130,0
DA:131,0
DA:132,0
DA:133,0
DA:134,0
DA:135,0
DA:136,0
DA:137,0
DA:138,0
DA:139,0
DA:140,0
DA:141,0
DA:142,0
DA:143,0
DA:144,0
DA:145,0
DA:146,0
DA:148,0
DA:149,0
DA:151,0
DA:152,0
DA:153,0
DA:154,0
DA:155,0
DA:156,0
DA:157,0
DA:158,0
DA:159,0
DA:160,0
DA:161,0
DA:162,0
DA:163,0
DA:164,0
DA:165,0
DA:166,0
DA:167,0
DA:168,0
DA:169,0
DA:170,0
DA:172,0
DA:173,0
DA:174,0
DA:175,0
DA:176,0
DA:177,0
DA:178,0
DA:179,0
DA:180,0
DA:181,0
DA:182,0
DA:183,0
DA:184,0
DA:185,0
DA:186,0
DA:187,0
DA:188,0
DA:190,0
LF:174
LH:38
BRDA:14,0,0,24
BRDA:20,1,0,1
BRDA:26,2,0,6
BRDA:32,3,0,0
BRDA:36,4,0,5
BRDA:39,5,0,0
BRDA:37,6,0,24
BRF:7
BRH:5
end_of_record
TN:
SF:src\components\projects\projectDetail\ProjectOrganizations.jsx
FN:16,OrganizationsBar
FN:22,onClick
FN:24,onClick
FN:31,onClick
FN:38,AddOrganization
FN:106,OrganizationTasks
FN:194,ViewOrganization
FNF:7
FNH:1
FNDA:3,OrganizationsBar
FNDA:0,onClick
FNDA:0,onClick
FNDA:0,onClick
FNDA:0,AddOrganization
FNDA:0,OrganizationTasks
FNDA:0,ViewOrganization
DA:1,1
DA:2,1
DA:3,1
DA:4,1
DA:5,1
DA:6,1
DA:7,1
DA:8,1
DA:9,1
DA:10,1
DA:11,1
DA:12,1
DA:13,1
DA:15,1
DA:16,1
DA:17,3
DA:18,3
DA:19,3
DA:20,3
DA:21,3
DA:22,3
DA:23,3
DA:24,6
DA:25,6
DA:26,6
DA:27,3
DA:28,0
DA:30,3
DA:31,3
DA:32,3
DA:33,3
DA:34,3
DA:36,3
DA:38,1
DA:39,0
DA:40,0
DA:41,0
DA:43,0
DA:44,0
DA:45,0
DA:46,0
DA:47,0
DA:48,0
DA:50,0
DA:51,0
DA:52,0
DA:53,0
DA:54,0
DA:55,0
DA:56,0
DA:57,0
DA:58,0
DA:59,0
DA:60,0
DA:61,0
DA:62,0
DA:63,0
DA:64,0
DA:65,0
DA:66,0
DA:67,0
DA:68,0
DA:69,0
DA:70,0
DA:71,0
DA:72,0
DA:73,0
DA:74,0
DA:75,0
DA:76,0
DA:77,0
DA:78,0
DA:79,0
DA:80,0
DA:81,0
DA:82,0
DA:83,0
DA:84,0
DA:85,0
DA:86,0
DA:87,0
DA:88,0
DA:89,0
DA:90,0
DA:91,0
DA:92,0
DA:93,0
DA:94,0
DA:95,0
DA:96,0
DA:97,0
DA:98,0
DA:99,0
DA:100,0
DA:101,0
DA:104,0
DA:106,1
DA:107,0
DA:108,0
DA:109,0
DA:110,0
DA:111,0
DA:112,0
DA:113,0
DA:114,0
DA:115,0
DA:116,0
DA:117,0
DA:118,0
DA:119,0
DA:120,0
DA:121,0
DA:122,0
DA:123,0
DA:124,0
DA:125,0
DA:126,0
DA:127,0
DA:128,0
DA:129,0
DA:130,0
DA:131,0
DA:132,0
DA:133,0
DA:134,0
DA:135,0
DA:136,0
DA:137,0
DA:138,0
DA:139,0
DA:140,0
DA:141,0
DA:142,0
DA:143,0
DA:144,0
DA:145,0
DA:146,0
DA:147,0
DA:148,0
DA:149,0
DA:150,0
DA:151,0
DA:152,0
DA:153,0
DA:154,0
DA:155,0
DA:156,0
DA:157,0
DA:158,0
DA:159,0
DA:160,0
DA:161,0
DA:162,0
DA:163,0
DA:164,0
DA:165,0
DA:166,0
DA:167,0
DA:168,0
DA:170,0
DA:171,0
DA:172,0
DA:174,0
DA:175,0
DA:176,0
DA:177,0
DA:179,0
DA:180,0
DA:181,0
DA:182,0
DA:183,0
DA:184,0
DA:185,0
DA:186,0
DA:187,0
DA:189,0
DA:192,0
DA:194,1
DA:195,0
DA:196,0
DA:197,0
DA:198,0
DA:199,0
DA:200,0
DA:201,0
DA:202,0
DA:203,0
DA:204,0
DA:205,0
DA:206,0
DA:207,0
DA:208,0
DA:209,0
DA:210,0
DA:211,0
DA:212,0
DA:213,0
DA:214,0
DA:215,0
DA:216,0
DA:217,0
DA:218,0
DA:219,0
DA:220,0
DA:221,0
DA:222,0
DA:223,0
DA:225,0
DA:226,0
DA:228,0
DA:229,0
DA:230,0
DA:231,0
DA:232,0
DA:233,0
DA:234,0
DA:235,0
DA:236,0
DA:237,0
DA:238,0
DA:239,0
DA:240,0
DA:241,0
DA:242,0
DA:243,0
DA:244,0
DA:245,0
DA:246,0
DA:248,0
DA:249,0
DA:250,0
DA:251,0
DA:252,0
DA:253,0
DA:254,0
DA:255,0
DA:256,0
DA:257,0
DA:258,0
DA:259,0
DA:260,0
DA:261,0
DA:262,0
DA:263,0
DA:264,0
DA:265,0
DA:267,0
DA:268,0
DA:269,0
DA:270,0
DA:271,0
DA:273,0
LF:252
LH:35
BRDA:16,0,0,3
BRDA:27,1,0,0
BRDA:32,2,0,0
BRDA:23,3,0,6
BRF:4
BRH:2
end_of_record
TN:
SF:src\components\respondents\CreateRespondent.jsx
FN:14,CreateRespondent
FN:23,getRespondentMeta
FN:50,handleCancel
FN:53,handleSubmit
FN:119,DataModal
FN:135,onClick
FNF:6
FNH:4
FNDA:19,CreateRespondent
FNDA:9,getRespondentMeta
FNDA:0,handleCancel
FNDA:2,handleSubmit
FNDA:9,DataModal
FNDA:0,onClick
DA:1,1
DA:2,1
DA:3,1
DA:4,1
DA:5,1
DA:6,1
DA:7,1
DA:8,1
DA:9,1
DA:10,1
DA:11,1
DA:12,1
DA:14,19
DA:15,19
DA:16,19
DA:17,19
DA:18,19
DA:19,19
DA:20,19
DA:21,19
DA:22,19
DA:23,9
DA:24,9
DA:25,9
DA:26,4
DA:27,4
DA:28,4
DA:29,5
DA:30,5
DA:31,5
DA:32,5
DA:33,5
DA:34,5
DA:35,5
DA:36,5
DA:37,0
DA:38,0
DA:39,0
DA:40,0
DA:41,5
DA:42,9
DA:43,9
DA:44,19
DA:46,19
DA:47,9
DA:48,19
DA:50,19
DA:51,0
DA:52,0
DA:53,19
DA:54,2
DA:55,2
DA:56,2
DA:57,1
DA:58,1
DA:59,2
DA:60,1
DA:61,1
DA:62,1
DA:63,1
DA:64,1
DA:65,1
DA:66,1
DA:67,1
DA:68,1
DA:69,1
DA:70,1
DA:71,0
DA:72,0
DA:73,1
DA:74,2
DA:75,0
DA:76,0
DA:77,0
DA:79,2
DA:80,2
DA:81,2
DA:82,2
DA:83,2
DA:84,2
DA:85,2
DA:86,2
DA:87,2
DA:88,2
DA:89,2
DA:90,1
DA:91,1
DA:92,1
DA:93,1
DA:94,1
DA:95,1
DA:96,1
DA:97,0
DA:98,0
DA:99,0
DA:100,1
DA:101,0
DA:102,0
DA:103,0
DA:104,0
DA:105,1
DA:106,1
DA:107,1
DA:108,1
DA:109,1
DA:111,1
DA:112,2
DA:113,0
DA:114,0
DA:115,0
DA:116,0
DA:117,2
DA:119,19
DA:120,9
DA:121,9
DA:122,9
DA:123,9
DA:126,9
DA:127,9
DA:128,9
DA:130,9
DA:131,9
DA:134,9
DA:135,9
DA:136,9
DA:137,9
DA:139,9
DA:143,19
DA:145,9
DA:146,9
DA:147,9
DA:148,19
DA:149,19
DA:150,1
DA:151,1
DA:152,1
DA:153,1
DA:154,1
DA:155,1
DA:157,19
DA:158,19
DA:160,19
LF:142
LH:120
BRDA:14,0,0,19
BRDA:143,1,0,10
BRDA:143,2,0,9
BRDA:149,3,0,1
BRDA:154,4,0,0
BRDA:22,5,0,9
BRDA:23,6,0,9
BRDA:25,7,0,4
BRDA:28,8,0,5
BRDA:36,9,0,0
BRDA:46,10,0,9
BRDA:53,11,0,2
BRDA:56,12,0,1
BRDA:59,13,0,1
BRDA:70,14,0,0
BRDA:74,15,0,0
BRDA:89,16,0,1
BRDA:96,17,0,0
BRDA:100,18,0,0
BRDA:112,19,0,0
BRDA:90,20,0,1
BRDA:119,21,0,9
BRDA:151,22,0,1
BRF:23
BRH:16
end_of_record
TN:
SF:src\components\respondents\EditRespondent.jsx
FN:12,EditRespondent
FN:22,getRespondentMeta
FN:38,getRespondentDetails
FN:63,handleCancel
FN:67,handleSubmit
FNF:5
FNH:4
FNDA:11,EditRespondent
FNDA:3,getRespondentMeta
FNDA:3,getRespondentDetails
FNDA:0,handleCancel
FNDA:1,handleSubmit
DA:1,1
DA:2,1
DA:3,1
DA:4,1
DA:5,1
DA:6,1
DA:7,1
DA:8,1
DA:9,1
DA:10,1
DA:12,11
DA:13,11
DA:14,11
DA:15,11
DA:16,11
DA:17,11
DA:18,11
DA:19,11
DA:21,11
DA:22,3
DA:23,3
DA:24,0
DA:25,0
DA:26,3
DA:27,3
DA:28,3
DA:29,3
DA:30,3
DA:31,3
DA:32,3
DA:33,0
DA:34,0
DA:35,0
DA:36,3
DA:37,3
DA:38,3
DA:40,3
DA:41,3
DA:42,3
DA:43,3
DA:44,3
DA:46,3
DA:47,3
DA:48,3
DA:49,0
DA:50,0
DA:51,0
DA:52,0
DA:53,3
DA:54,3
DA:55,3
DA:57,11
DA:59,11
DA:60,5
DA:61,11
DA:63,11
DA:64,0
DA:65,0
DA:67,11
DA:68,1
DA:69,1
DA:70,1
DA:71,1
DA:72,1
DA:74,1
DA:75,0
DA:76,0
DA:77,0
DA:78,0
DA:79,0
DA:80,0
DA:81,0
DA:82,0
DA:83,1
DA:84,1
DA:85,1
DA:86,1
DA:87,0
DA:88,0
DA:89,1
DA:90,1
DA:91,0
DA:92,0
DA:93,0
DA:94,1
DA:95,1
DA:96,1
DA:97,1
DA:98,1
DA:99,1
DA:100,1
DA:101,1
DA:102,1
DA:103,1
DA:104,1
DA:105,1
DA:106,1
DA:107,1
DA:108,1
DA:109,1
DA:110,1
DA:111,0
DA:112,0
DA:113,0
DA:114,0
DA:115,0
DA:116,0
DA:117,0
DA:118,0
DA:119,0
DA:120,0
DA:121,0
DA:122,0
DA:123,0
DA:124,0
DA:125,1
DA:126,0
DA:127,0
DA:128,0
DA:129,0
DA:130,1
DA:132,11
DA:133,5
DA:134,5
DA:135,11
DA:136,11
DA:137,11
DA:139,11
LF:128
LH:86
BRDA:12,0,0,11
BRDA:132,1,0,6
BRDA:132,2,0,5
BRDA:135,3,0,0
BRDA:135,4,0,5
BRDA:21,5,0,3
BRDA:22,6,0,3
BRDA:23,7,0,0
BRDA:32,8,0,0
BRDA:38,9,0,3
BRDA:48,10,0,0
BRDA:44,11,0,2
BRDA:59,12,0,5
BRDA:67,13,0,1
BRDA:74,14,0,0
BRDA:86,15,0,0
BRDA:90,16,0,0
BRDA:110,17,0,0
BRDA:125,18,0,0
BRDA:105,19,0,1
BRDA:106,20,0,1
BRF:21
BRH:12
end_of_record
TN:
SF:src\components\respondents\RespondentDetail.jsx
FN:20,RespondentDetail
FN:37,getRespondentMeta
FN:54,getRespondentDetails
FN:88,loadTasks
FN:91,onUpdate
FN:95,deleteRespondent
FN:147,onConfirm
FN:147,onCancel
FN:156,onClick
FN:160,onClick
FN:168,onClick
FNF:11
FNH:6
FNDA:13,RespondentDetail
FNDA:10,getRespondentMeta
FNDA:10,getRespondentDetails
FNDA:5,loadTasks
FNDA:0,onUpdate
FNDA:0,deleteRespondent
FNDA:0,onConfirm
FNDA:0,onCancel
FNDA:1,onClick
FNDA:1,onClick
FNDA:0,onClick
DA:1,1
DA:2,1
DA:3,1
DA:4,1
DA:5,1
DA:6,1
DA:7,1
DA:8,1
DA:9,1
DA:10,1
DA:11,1
DA:12,1
DA:13,1
DA:14,1
DA:15,1
DA:16,1
DA:17,1
DA:18,1
DA:20,13
DA:21,13
DA:22,13
DA:23,13
DA:24,13
DA:25,13
DA:26,13
DA:27,13
DA:28,13
DA:29,13
DA:30,13
DA:31,13
DA:32,13
DA:34,13
DA:36,13
DA:37,10
DA:38,10
DA:39,5
DA:40,5
DA:41,5
DA:42,5
DA:43,5
DA:44,5
DA:45,5
DA:46,5
DA:47,5
DA:48,0
DA:49,0
DA:50,0
DA:51,5
DA:52,10
DA:53,10
DA:54,10
DA:55,10
DA:56,10
DA:57,5
DA:58,5
DA:59,5
DA:60,5
DA:61,5
DA:62,5
DA:63,5
DA:64,5
DA:65,5
DA:66,5
DA:67,10
DA:68,0
DA:69,10
DA:70,5
DA:71,5
DA:72,10
DA:73,10
DA:74,13
DA:76,13
DA:77,10
DA:78,5
DA:79,5
DA:80,5
DA:81,5
DA:82,5
DA:83,5
DA:84,5
DA:85,5
DA:86,13
DA:88,13
DA:89,5
DA:90,5
DA:91,13
DA:92,0
DA:93,0
DA:95,13
DA:96,0
DA:97,0
DA:98,0
DA:99,0
DA:100,0
DA:101,0
DA:102,0
DA:103,0
DA:104,0
DA:105,0
DA:106,0
DA:107,0
DA:108,0
DA:110,0
DA:111,0
DA:113,0
DA:114,0
DA:115,0
DA:116,0
DA:117,0
DA:118,0
DA:119,0
DA:120,0
DA:121,0
DA:122,0
DA:123,0
DA:124,0
DA:125,0
DA:126,0
DA:127,0
DA:128,0
DA:129,0
DA:130,0
DA:131,0
DA:133,13
DA:134,8
DA:135,13
DA:136,13
DA:137,13
DA:138,13
DA:139,13
DA:140,13
DA:141,13
DA:142,13
DA:143,13
DA:144,1
DA:145,1
DA:146,1
DA:147,1
DA:148,1
DA:149,13
DA:150,13
DA:151,13
DA:152,13
DA:153,13
DA:154,13
DA:155,13
DA:156,13
DA:157,13
DA:158,13
DA:159,13
DA:160,13
DA:161,13
DA:162,13
DA:163,13
DA:164,13
DA:165,13
DA:166,13
DA:167,13
DA:168,13
DA:169,13
DA:170,13
DA:171,13
DA:172,13
DA:173,13
DA:175,13
LF:165
LH:125
BRDA:20,0,0,13
BRDA:133,1,0,5
BRDA:133,2,0,8
BRDA:135,3,0,0
BRDA:142,4,0,0
BRDA:143,5,0,1
BRDA:145,6,0,0
BRDA:149,7,0,0
BRDA:150,8,0,8
BRDA:152,9,0,8
BRDA:157,10,0,1
BRDA:157,11,0,7
BRDA:159,12,0,1
BRDA:160,13,0,8
BRDA:169,14,0,8
BRDA:169,15,0,0
BRDA:171,16,0,8
BRDA:36,17,0,10
BRDA:37,18,0,10
BRDA:38,19,0,5
BRDA:47,20,0,0
BRDA:54,21,0,10
BRDA:56,22,0,5
BRDA:67,23,0,0
BRDA:69,24,0,5
BRDA:55,25,0,5
BRDA:65,26,0,5
BRDA:76,27,0,10
BRDA:77,28,0,5
BRDA:77,29,0,5
BRDA:88,30,0,5
BRDA:156,31,0,1
BRDA:160,32,0,1
BRF:33
BRH:26
end_of_record
TN:
SF:src\components\respondents\RespondentFilters.jsx
FN:11,RespondentFilters
FN:28,getRespondentMeta
FN:43,handleClickOutside
FN:53,handleChange
FN:59,onClick
FN:65,callback
FN:66,callback
FN:67,callback
FN:68,onClick
FNF:9
FNH:3
FNDA:9,RespondentFilters
FNDA:3,getRespondentMeta
FNDA:2,handleClickOutside
FNDA:0,handleChange
FNDA:0,onClick
FNDA:0,callback
FNDA:0,callback
FNDA:0,callback
FNDA:0,onClick
DA:1,1
DA:2,1
DA:3,1
DA:4,1
DA:5,1
DA:6,1
DA:7,1
DA:8,1
DA:9,1
DA:11,9
DA:12,9
DA:13,9
DA:14,9
DA:15,9
DA:16,9
DA:17,9
DA:18,9
DA:19,9
DA:20,9
DA:21,9
DA:23,9
DA:24,3
DA:25,0
DA:26,0
DA:27,0
DA:28,3
DA:29,3
DA:30,3
DA:31,3
DA:32,3
DA:33,3
DA:34,3
DA:35,3
DA:36,0
DA:37,0
DA:38,0
DA:39,0
DA:40,3
DA:41,3
DA:43,3
DA:44,2
DA:45,2
DA:46,2
DA:47,2
DA:48,3
DA:49,3
DA:51,9
DA:53,9
DA:54,0
DA:55,0
DA:56,9
DA:57,6
DA:58,6
DA:59,6
DA:60,6
DA:61,6
DA:62,6
DA:63,0
DA:64,0
DA:65,0
DA:66,0
DA:67,0
DA:68,0
DA:69,0
DA:71,9
DA:73,9
LF:66
LH:50
BRDA:11,0,0,9
BRDA:56,1,0,3
BRDA:56,2,0,6
BRDA:62,3,0,0
BRDA:23,4,0,3
BRDA:24,5,0,0
BRDA:28,6,0,3
BRDA:35,7,0,0
BRDA:43,8,0,2
BRDA:49,9,0,3
BRF:10
BRH:7
end_of_record
TN:
SF:src\components\respondents\RespondentForm.jsx
FN:5,RespondentForm
FNF:1
FNH:1
FNDA:5,RespondentForm
DA:1,1
DA:2,1
DA:3,1
DA:5,5
DA:6,5
DA:7,5
DA:8,5
DA:9,5
DA:10,5
DA:12,5
LF:10
LH:10
BRDA:5,0,0,5
BRDA:8,1,0,0
BRF:2
BRH:1
end_of_record
TN:
SF:src\components\respondents\RespondentsIndex.jsx
FN:12,RespondentCard
FN:30,handleClick
FN:77,RespondentsIndex
FN:89,loadRespondents
FN:116,setFilters
FN:126,onFilterChange
FNF:6
FNH:4
FNDA:18,RespondentCard
FNDA:2,handleClick
FNDA:11,RespondentsIndex
FNDA:4,loadRespondents
FNDA:0,setFilters
FNDA:0,onFilterChange
DA:1,1
DA:2,1
DA:3,1
DA:4,1
DA:5,1
DA:6,1
DA:7,1
DA:8,1
DA:9,1
DA:10,1
DA:12,18
DA:13,18
DA:14,18
DA:15,18
DA:16,18
DA:17,18
DA:19,18
DA:20,12
DA:21,2
DA:22,2
DA:23,2
DA:24,2
DA:25,2
DA:26,2
DA:27,2
DA:28,2
DA:29,18
DA:30,18
DA:31,2
DA:32,2
DA:34,2
DA:36,2
DA:37,2
DA:38,0
DA:39,0
DA:40,0
DA:42,2
DA:43,2
DA:44,2
DA:45,2
DA:46,2
DA:47,2
DA:48,2
DA:49,2
DA:50,0
DA:51,0
DA:52,0
DA:53,0
DA:54,2
DA:56,18
DA:57,18
DA:58,18
DA:59,18
DA:60,18
DA:61,0
DA:63,18
DA:64,4
DA:65,4
DA:66,4
DA:67,4
DA:68,4
DA:69,4
DA:70,4
DA:71,4
DA:73,18
DA:75,18
DA:77,11
DA:78,11
DA:79,11
DA:80,11
DA:81,11
DA:82,11
DA:83,11
DA:84,11
DA:85,11
DA:86,11
DA:88,11
DA:89,4
DA:90,4
DA:91,4
DA:92,4
DA:93,4
DA:94,4
DA:96,4
DA:97,4
DA:98,4
DA:99,4
DA:100,4
DA:101,4
DA:102,4
DA:103,0
DA:104,0
DA:105,0
DA:106,4
DA:107,4
DA:108,0
DA:109,0
DA:110,0
DA:111,4
DA:113,4
DA:114,11
DA:116,11
DA:117,0
DA:118,0
DA:119,0
DA:120,0
DA:122,11
DA:123,7
DA:124,7
DA:125,7
DA:126,7
DA:127,7
DA:128,7
DA:129,0
DA:131,7
DA:132,14
DA:133,7
DA:135,11
DA:136,11
DA:138,11
LF:120
LH:101
BRDA:12,0,0,18
BRDA:57,1,0,6
BRDA:57,2,0,12
BRDA:58,3,0,0
BRDA:59,4,0,6
BRDA:59,5,0,2
BRDA:60,6,0,0
BRDA:60,7,0,0
BRDA:63,8,0,6
BRDA:63,9,0,4
BRDA:68,10,0,0
BRDA:19,11,0,12
BRDA:20,12,0,6
BRDA:20,13,0,10
BRDA:20,14,0,2
BRDA:30,15,0,2
BRDA:34,16,0,0
BRDA:37,17,0,0
BRDA:49,18,0,0
BRDA:46,19,0,2
BRDA:77,20,0,11
BRDA:122,21,0,4
BRDA:122,22,0,7
BRDA:128,23,0,0
BRDA:129,24,0,7
BRDA:133,25,0,0
BRDA:88,26,0,4
BRDA:89,27,0,4
BRDA:92,28,0,0
BRDA:93,29,0,0
BRDA:94,30,0,0
BRDA:102,31,0,0
BRDA:107,32,0,0
BRDA:131,33,0,14
BRF:34
BRH:20
end_of_record
TN:
SF:src\components\respondents\SensitiveInfo.jsx
FN:9,SensitiveInfo
FN:26,getRespondentMeta
FN:46,setExisting
FN:86,handleSubmit
FN:154,callback
FN:159,callback
FN:162,onChange
FN:168,onChange
FN:172,onChange
FN:179,onChange
FN:183,onChange
FN:189,onClick
FN:210,onClick
FNF:13
FNH:7
FNDA:22,SensitiveInfo
FNDA:7,getRespondentMeta
FNDA:4,setExisting
FNDA:1,handleSubmit
FNDA:0,callback
FNDA:0,callback
FNDA:0,onChange
FNDA:1,onChange
FNDA:0,onChange
FNDA:0,onChange
FNDA:1,onChange
FNDA:0,onClick
FNDA:2,onClick
DA:1,1
DA:2,1
DA:3,1
DA:4,1
DA:5,1
DA:6,1
DA:7,1
DA:9,22
DA:10,22
DA:11,22
DA:12,22
DA:13,22
DA:14,22
DA:15,22
DA:16,22
DA:17,22
DA:18,22
DA:19,22
DA:20,22
DA:21,22
DA:22,22
DA:23,22
DA:25,22
DA:26,7
DA:27,7
DA:28,4
DA:29,4
DA:30,3
DA:31,3
DA:32,3
DA:33,3
DA:34,3
DA:35,3
DA:36,3
DA:37,0
DA:38,0
DA:39,0
DA:40,3
DA:41,7
DA:42,7
DA:43,22
DA:44,22
DA:45,22
DA:46,4
DA:47,4
DA:48,4
DA:49,4
DA:50,4
DA:51,4
DA:52,4
DA:53,4
DA:54,4
DA:55,4
DA:56,4
DA:57,4
DA:58,4
DA:59,4
DA:60,4
DA:61,4
DA:62,4
DA:63,4
DA:64,0
DA:65,0
DA:66,0
DA:67,0
DA:68,4
DA:69,4
DA:70,22
DA:72,22
DA:73,10
DA:74,10
DA:75,7
DA:76,7
DA:77,10
DA:78,7
DA:79,7
DA:80,7
DA:81,10
DA:82,10
DA:83,10
DA:84,22
DA:86,22
DA:87,1
DA:88,1
DA:89,1
DA:91,1
DA:92,0
DA:93,0
DA:94,0
DA:95,1
DA:96,0
DA:97,0
DA:98,1
DA:99,0
DA:100,0
DA:101,1
DA:102,1
DA:103,1
DA:105,1
DA:106,0
DA:107,0
DA:109,1
DA:110,0
DA:111,0
DA:113,1
DA:114,1
DA:115,1
DA:117,1
DA:118,1
DA:119,1
DA:120,1
DA:121,0
DA:122,0
DA:123,0
DA:124,0
DA:125,0
DA:126,0
DA:127,0
DA:128,0
DA:129,0
DA:130,0
DA:131,0
DA:132,0
DA:133,0
DA:134,0
DA:135,0
DA:136,0
DA:137,0
DA:138,0
DA:139,1
DA:140,0
DA:141,0
DA:142,0
DA:143,1
DA:144,22
DA:146,22
DA:147,7
DA:148,7
DA:149,7
DA:150,7
DA:151,7
DA:152,7
DA:153,7
DA:154,7
DA:155,7
DA:156,7
DA:157,7
DA:158,7
DA:159,7
DA:160,7
DA:161,7
DA:162,7
DA:163,7
DA:164,7
DA:165,7
DA:166,7
DA:167,7
DA:168,7
DA:169,7
DA:171,7
DA:172,7
DA:173,7
DA:174,7
DA:175,7
DA:176,7
DA:177,7
DA:178,7
DA:179,7
DA:180,7
DA:181,7
DA:182,7
DA:183,7
DA:184,7
DA:185,7
DA:187,7
DA:188,7
DA:189,7
DA:190,7
DA:192,7
DA:193,11
DA:194,11
DA:195,11
DA:196,11
DA:197,3
DA:198,3
DA:199,3
DA:200,3
DA:202,11
DA:203,3
DA:204,3
DA:205,3
DA:206,3
DA:208,11
DA:209,11
DA:210,11
DA:211,11
DA:213,11
DA:215,22
LF:198
LH:159
BRDA:9,0,0,22
BRDA:144,1,0,4
BRDA:144,2,0,18
BRDA:146,3,0,7
BRDA:150,4,0,1
BRDA:168,5,0,0
BRDA:179,6,0,0
BRDA:183,7,0,0
BRDA:192,8,0,11
BRDA:196,9,0,4
BRDA:196,10,0,3
BRDA:202,11,0,4
BRDA:202,12,0,3
BRDA:208,13,0,7
BRDA:208,14,0,4
BRDA:209,15,0,7
BRDA:25,16,0,7
BRDA:26,17,0,7
BRDA:27,18,0,4
BRDA:29,19,0,3
BRDA:36,20,0,0
BRDA:45,21,0,4
BRDA:46,22,0,4
BRDA:54,23,0,0
BRDA:55,24,0,0
BRDA:56,25,0,0
BRDA:57,26,0,0
BRDA:59,27,0,0
BRDA:60,28,0,0
BRDA:63,29,0,0
BRDA:59,30,0,8
BRDA:60,31,0,4
BRDA:72,32,0,10
BRDA:74,33,0,7
BRDA:74,34,0,3
BRDA:74,35,0,7
BRDA:77,36,0,7
BRDA:77,37,0,0
BRDA:77,38,0,7
BRDA:81,39,0,0
BRDA:82,40,0,0
BRDA:75,41,0,12
BRDA:76,42,0,12
BRDA:78,43,0,6
BRDA:79,44,0,6
BRDA:86,45,0,1
BRDA:91,46,0,0
BRDA:95,47,0,0
BRDA:98,48,0,0
BRDA:105,49,0,0
BRDA:109,50,0,0
BRDA:120,51,0,0
BRDA:139,52,0,0
BRDA:150,53,0,2
BRDA:168,54,0,1
BRDA:168,55,0,1
BRDA:183,56,0,1
BRDA:183,57,0,1
BRDA:199,58,0,6
BRDA:205,59,0,3
BRDA:210,60,0,2
BRF:61
BRH:40
end_of_record
TN:
SF:src\components\respondents\respondentsConfig.js
FN:1,respondentsConfig
FNF:1
FNH:1
FNDA:14,respondentsConfig
DA:1,1
DA:2,14
DA:3,14
DA:4,14
DA:5,14
DA:6,14
DA:7,14
DA:8,14
DA:9,14
DA:10,14
DA:11,14
DA:12,14
DA:13,14
DA:14,14
DA:15,14
DA:16,14
DA:17,14
DA:18,14
DA:19,14
DA:20,14
DA:21,14
DA:22,14
DA:23,14
DA:24,14
DA:25,14
DA:26,14
DA:27,14
DA:28,14
DA:29,14
DA:30,14
DA:31,14
DA:32,14
DA:33,14
DA:34,14
DA:35,14
DA:36,14
DA:37,14
DA:38,14
DA:39,14
DA:40,14
DA:41,14
DA:42,14
DA:43,14
LF:43
LH:43
BRDA:1,0,0,14
BRDA:4,1,0,5
BRDA:4,2,0,0
BRDA:6,3,0,9
BRDA:8,4,0,5
BRDA:8,5,0,3
BRDA:10,6,0,5
BRDA:10,7,0,2
BRDA:10,8,0,12
BRDA:11,9,0,5
BRDA:11,10,0,2
BRDA:11,11,0,12
BRDA:14,12,0,5
BRDA:14,13,0,2
BRDA:14,14,0,12
BRDA:20,15,0,5
BRDA:20,16,0,2
BRDA:20,17,0,12
BRDA:26,18,0,5
BRDA:26,19,0,2
BRDA:26,20,0,12
BRDA:27,21,0,5
BRDA:27,22,0,2
BRDA:27,23,0,12
BRDA:30,24,0,5
BRDA:30,25,0,2
BRDA:30,26,0,12
BRDA:31,27,0,5
BRDA:31,28,0,2
BRDA:31,29,0,12
BRDA:36,30,0,5
BRDA:36,31,0,2
BRDA:36,32,0,12
BRDA:39,33,0,5
BRDA:39,34,0,2
BRDA:39,35,0,12
BRDA:40,36,0,5
BRDA:40,37,0,2
BRDA:40,38,0,12
BRF:39
BRH:38
end_of_record
TN:
SF:src\components\respondents\interactions\AddInteractions.jsx
FN:10,AddInteractions
FN:26,CommentModal
FN:48,NumberModal
FN:51,closeWindow
FN:59,cancel
FN:73,onChange
FN:75,onClick
FN:76,onClick
FN:81,SubcategoryModal
FN:85,handleCheckbox
FN:91,cancel
FN:100,closeWindow
FN:122,callback
FN:136,handleDateChange
FN:145,handleDrop
FN:228,handleDragOver
FN:232,handleSubmit
FN:296,removeItem
FN:318,onChange
FN:331,onClick
FN:332,onClick
FN:336,onClick
FNF:22
FNH:14
FNDA:36,AddInteractions
FNDA:0,CommentModal
FNDA:1,NumberModal
FNDA:0,closeWindow
FNDA:0,cancel
FNDA:0,onChange
FNDA:0,onClick
FNDA:0,onClick
FNDA:3,SubcategoryModal
FNDA:1,handleCheckbox
FNDA:0,cancel
FNDA:1,closeWindow
FNDA:1,callback
FNDA:3,handleDateChange
FNDA:10,handleDrop
FNDA:10,handleDragOver
FNDA:1,handleSubmit
FNDA:1,removeItem
FNDA:3,onChange
FNDA:0,onClick
FNDA:1,onClick
FNDA:1,onClick
DA:1,1
DA:2,1
DA:3,1
DA:4,1
DA:5,1
DA:6,1
DA:7,1
DA:10,36
DA:11,36
DA:12,36
DA:13,36
DA:14,36
DA:15,36
DA:16,36
DA:17,36
DA:18,36
DA:19,36
DA:20,36
DA:21,36
DA:22,36
DA:23,36
DA:24,36
DA:26,36
DA:27,0
DA:28,0
DA:29,0
DA:30,0
DA:31,0
DA:32,0
DA:33,0
DA:34,0
DA:35,0
DA:36,0
DA:37,0
DA:38,0
DA:39,0
DA:40,0
DA:41,0
DA:42,0
DA:43,0
DA:44,0
DA:45,0
DA:47,0
DA:48,36
DA:49,1
DA:50,1
DA:51,1
DA:52,0
DA:53,0
DA:54,0
DA:55,0
DA:56,0
DA:57,0
DA:58,0
DA:59,1
DA:60,0
DA:61,0
DA:62,0
DA:63,0
DA:64,0
DA:65,0
DA:66,0
DA:68,1
DA:69,1
DA:70,1
DA:71,1
DA:72,1
DA:73,1
DA:74,1
DA:75,1
DA:76,1
DA:77,1
DA:78,1
DA:80,1
DA:81,36
DA:82,3
DA:83,3
DA:85,3
DA:86,1
DA:87,1
DA:88,1
DA:89,1
DA:91,3
DA:92,0
DA:93,0
DA:94,0
DA:95,0
DA:96,0
DA:97,0
DA:98,0
DA:100,3
DA:101,1
DA:102,1
DA:103,1
DA:105,3
DA:107,3
DA:108,3
DA:109,3
DA:110,3
DA:111,0
DA:112,0
DA:113,0
DA:115,3
DA:116,3
DA:117,6
DA:118,6
DA:119,6
DA:120,6
DA:121,6
DA:122,6
DA:123,6
DA:124,6
DA:125,3
DA:126,3
DA:127,3
DA:129,3
DA:130,3
DA:131,3
DA:132,3
DA:134,3
DA:136,36
DA:137,3
DA:138,3
DA:139,0
DA:140,0
DA:141,3
DA:142,3
DA:144,3
DA:145,36
DA:146,10
DA:147,10
DA:148,0
DA:149,0
DA:150,0
DA:151,10
DA:152,10
DA:153,10
DA:155,10
DA:156,10
DA:157,0
DA:158,0
DA:159,0
DA:161,10
DA:162,4
DA:163,4
DA:164,4
DA:165,4
DA:166,4
DA:167,2
DA:168,2
DA:169,2
DA:170,2
DA:171,2
DA:172,0
DA:173,0
DA:174,0
DA:175,0
DA:176,0
DA:177,0
DA:178,0
DA:179,0
DA:180,0
DA:181,0
DA:182,0
DA:183,0
DA:184,0
DA:185,0
DA:186,0
DA:187,4
DA:188,2
DA:189,2
DA:190,2
DA:191,2
DA:192,2
DA:193,2
DA:194,4
DA:195,8
DA:196,8
DA:197,8
DA:198,10
DA:199,6
DA:200,6
DA:201,10
DA:202,1
DA:203,1
DA:204,1
DA:205,10
DA:206,2
DA:207,2
DA:208,2
DA:209,10
DA:210,0
DA:211,0
DA:212,0
DA:213,0
DA:215,0
DA:216,0
DA:217,0
DA:219,0
DA:220,0
DA:221,0
DA:222,0
DA:223,0
DA:224,0
DA:225,8
DA:226,10
DA:228,36
DA:229,10
DA:230,10
DA:232,36
DA:233,1
DA:234,1
DA:235,0
DA:236,0
DA:237,1
DA:238,2
DA:239,2
DA:240,2
DA:241,2
DA:242,1
DA:243,1
DA:244,1
DA:245,1
DA:246,1
DA:247,1
DA:248,1
DA:249,1
DA:250,1
DA:251,1
DA:252,1
DA:253,1
DA:254,1
DA:255,1
DA:256,1
DA:257,1
DA:258,1
DA:259,1
DA:260,1
DA:262,1
DA:263,2
DA:264,2
DA:265,2
DA:266,2
DA:267,2
DA:268,2
DA:269,2
DA:270,1
DA:271,1
DA:272,1
DA:273,1
DA:274,1
DA:275,0
DA:276,0
DA:277,0
DA:278,0
DA:279,0
DA:280,0
DA:281,0
DA:282,0
DA:283,0
DA:284,0
DA:285,0
DA:286,0
DA:287,0
DA:288,0
DA:289,0
DA:290,1
DA:291,0
DA:292,0
DA:293,0
DA:294,0
DA:295,1
DA:296,36
DA:297,1
DA:298,1
DA:299,1
DA:300,1
DA:301,1
DA:302,1
DA:304,36
DA:305,36
DA:306,36
DA:307,6
DA:308,6
DA:309,6
DA:310,6
DA:311,6
DA:313,36
DA:314,36
DA:315,36
DA:316,36
DA:317,36
DA:318,36
DA:319,36
DA:320,36
DA:321,36
DA:322,15
DA:323,15
DA:324,15
DA:325,15
DA:326,15
DA:327,15
DA:328,15
DA:329,15
DA:330,15
DA:331,15
DA:332,15
DA:333,15
DA:334,13
DA:335,36
DA:336,36
DA:337,36
DA:339,36
LF:313
LH:212
BRDA:10,0,0,36
BRDA:306,1,0,6
BRDA:308,2,0,0
BRDA:309,3,0,1
BRDA:310,4,0,2
BRDA:314,5,0,0
BRDA:315,6,0,10
BRDA:316,7,0,21
BRDA:317,8,0,15
BRDA:318,9,0,15
BRDA:320,10,0,23
BRDA:321,11,0,13
BRDA:336,12,0,15
BRDA:336,13,0,13
BRDA:48,14,0,1
BRDA:71,15,0,0
BRDA:81,16,0,3
BRDA:110,17,0,0
BRDA:85,18,0,1
BRDA:86,19,0,1
BRDA:87,20,0,0
BRDA:100,21,0,1
BRDA:101,22,0,1
BRDA:105,23,0,6
BRDA:116,24,0,6
BRDA:122,25,0,1
BRDA:136,26,0,3
BRDA:138,27,0,0
BRDA:145,28,0,10
BRDA:147,29,0,0
BRDA:153,30,0,7
BRDA:156,31,0,0
BRDA:161,32,0,4
BRDA:166,33,0,2
BRDA:171,34,0,0
BRDA:187,35,0,2
BRDA:194,36,0,8
BRDA:198,37,0,2
BRDA:198,38,0,2
BRDA:198,39,0,6
BRDA:200,40,0,8
BRDA:201,41,0,1
BRDA:204,42,0,8
BRDA:205,43,0,2
BRDA:208,44,0,8
BRDA:209,45,0,0
BRDA:224,46,0,8
BRDA:155,47,0,3
BRDA:163,48,0,4
BRDA:165,49,0,3
BRDA:165,50,0,2
BRDA:169,51,0,2
BRDA:196,52,0,8
BRDA:228,53,0,10
BRDA:232,54,0,1
BRDA:234,55,0,0
BRDA:243,56,0,0
BRDA:274,57,0,0
BRDA:290,58,0,0
BRDA:237,59,0,2
BRDA:262,60,0,2
BRDA:271,61,0,1
BRDA:296,62,0,1
BRDA:297,63,0,1
BRDA:298,64,0,1
BRDA:315,65,0,10
BRDA:318,66,0,3
BRDA:321,67,0,15
BRDA:325,68,0,0
BRDA:327,69,0,3
BRDA:327,70,0,3
BRDA:329,71,0,0
BRDA:327,72,0,3
BRDA:332,73,0,1
BRDA:336,74,0,1
BRF:75
BRH:59
end_of_record
TN:
SF:src\components\respondents\interactions\Interactions.jsx
FN:14,InteractionCard
FN:30,permCheck
FN:58,handleSubmit
FN:108,flagInteraction
FN:114,deleteInteraction
FN:163,onConfirm
FN:163,onCancel
FN:175,onChange
FN:179,onChange
FN:187,callback
FN:191,onClick
FN:192,onClick
FN:198,onClick
FN:216,onClick
FN:217,onClick
FN:218,onClick
FN:225,Interactions
FN:236,getInteractions
FN:262,onFinish
FN:265,onEdit
FN:268,onDelete
FNF:21
FNH:15
FNDA:29,InteractionCard
FNDA:10,permCheck
FNDA:3,handleSubmit
FNDA:2,flagInteraction
FNDA:1,deleteInteraction
FNDA:1,onConfirm
FNDA:0,onCancel
FNDA:1,onChange
FNDA:0,onChange
FNDA:0,callback
FNDA:1,onClick
FNDA:0,onClick
FNDA:11,onClick
FNDA:2,onClick
FNDA:1,onClick
FNDA:2,onClick
FNDA:24,Interactions
FNDA:14,getInteractions
FNDA:0,onFinish
FNDA:3,onEdit
FNDA:0,onDelete
DA:1,1
DA:2,1
DA:3,1
DA:4,1
DA:5,1
DA:6,1
DA:7,1
DA:8,1
DA:9,1
DA:10,1
DA:11,1
DA:12,1
DA:14,29
DA:15,29
DA:16,29
DA:17,29
DA:18,29
DA:19,29
DA:20,29
DA:21,29
DA:22,29
DA:23,29
DA:24,29
DA:25,29
DA:26,29
DA:28,29
DA:29,10
DA:30,10
DA:31,10
DA:32,10
DA:33,10
DA:34,10
DA:35,0
DA:36,0
DA:37,0
DA:38,0
DA:39,0
DA:40,0
DA:41,0
DA:42,0
DA:43,10
DA:44,10
DA:45,10
DA:46,10
DA:47,10
DA:48,10
DA:49,10
DA:50,10
DA:51,10
DA:52,10
DA:53,10
DA:54,10
DA:55,29
DA:58,29
DA:59,3
DA:60,3
DA:61,3
DA:62,3
DA:63,3
DA:64,3
DA:65,3
DA:66,3
DA:67,3
DA:68,3
DA:69,3
DA:70,3
DA:71,3
DA:72,3
DA:73,3
DA:74,3
DA:75,3
DA:76,3
DA:77,3
DA:78,3
DA:79,3
DA:80,3
DA:81,3
DA:82,3
DA:83,3
DA:84,3
DA:85,3
DA:86,3
DA:87,0
DA:88,0
DA:89,0
DA:90,0
DA:91,0
DA:92,0
DA:93,0
DA:94,0
DA:95,0
DA:96,0
DA:97,0
DA:98,0
DA:99,0
DA:100,0
DA:101,0
DA:102,3
DA:103,0
DA:104,0
DA:105,0
DA:106,0
DA:107,3
DA:108,29
DA:109,2
DA:110,2
DA:111,2
DA:112,2
DA:114,29
DA:115,1
DA:116,1
DA:117,1
DA:118,1
DA:119,1
DA:120,0
DA:121,0
DA:122,0
DA:123,0
DA:124,0
DA:125,0
DA:126,0
DA:127,0
DA:128,0
DA:129,0
DA:131,0
DA:132,0
DA:134,0
DA:135,0
DA:136,0
DA:137,0
DA:138,0
DA:139,0
DA:140,0
DA:141,0
DA:142,0
DA:143,0
DA:144,0
DA:145,0
DA:146,1
DA:147,1
DA:148,1
DA:149,1
DA:150,1
DA:151,1
DA:152,1
DA:154,29
DA:155,29
DA:156,1
DA:157,1
DA:158,1
DA:159,1
DA:160,1
DA:161,1
DA:162,1
DA:163,1
DA:164,1
DA:165,1
DA:168,1
DA:169,29
DA:170,3
DA:171,3
DA:172,3
DA:173,3
DA:174,3
DA:175,3
DA:176,3
DA:177,3
DA:178,3
DA:179,3
DA:180,3
DA:182,3
DA:183,3
DA:184,3
DA:185,3
DA:186,3
DA:187,3
DA:188,0
DA:189,3
DA:191,3
DA:192,3
DA:194,3
DA:196,3
DA:197,25
DA:198,25
DA:200,25
DA:201,29
DA:202,29
DA:203,29
DA:204,29
DA:205,7
DA:206,7
DA:207,7
DA:208,7
DA:209,7
DA:210,7
DA:211,7
DA:212,7
DA:213,7
DA:215,7
DA:216,7
DA:217,7
DA:218,7
DA:219,7
DA:221,29
DA:223,29
DA:225,24
DA:226,24
DA:228,24
DA:229,24
DA:230,24
DA:231,24
DA:232,24
DA:233,24
DA:235,24
DA:236,14
DA:237,14
DA:238,14
DA:239,14
DA:240,14
DA:241,14
DA:242,14
DA:243,14
DA:244,14
DA:245,14
DA:246,14
DA:247,0
DA:248,0
DA:249,0
DA:250,14
DA:251,14
DA:252,0
DA:253,0
DA:254,0
DA:255,0
DA:256,14
DA:257,14
DA:258,24
DA:262,24
DA:263,0
DA:264,0
DA:265,24
DA:266,3
DA:267,3
DA:268,24
DA:269,0
DA:270,0
DA:271,0
DA:272,0
DA:273,24
DA:274,13
DA:275,13
DA:276,24
DA:277,24
DA:278,24
DA:279,24
DA:280,24
DA:281,24
DA:282,24
DA:284,24
LF:259
LH:194
BRDA:14,0,0,29
BRDA:154,1,0,0
BRDA:155,2,0,1
BRDA:168,3,0,28
BRDA:169,4,0,3
BRDA:173,5,0,0
BRDA:196,6,0,25
BRDA:201,7,0,0
BRDA:202,8,0,4
BRDA:204,9,0,7
BRDA:216,10,0,0
BRDA:218,11,0,2
BRDA:218,12,0,5
BRDA:28,13,0,10
BRDA:30,14,0,10
BRDA:34,15,0,0
BRDA:46,16,0,30
BRDA:48,17,0,20
BRDA:58,18,0,3
BRDA:63,19,0,0
BRDA:86,20,0,0
BRDA:102,21,0,0
BRDA:79,22,0,3
BRDA:80,23,0,1
BRDA:108,24,0,2
BRDA:114,25,0,1
BRDA:119,26,0,0
BRDA:163,27,0,1
BRDA:175,28,0,1
BRDA:191,29,0,1
BRDA:198,30,0,11
BRDA:211,31,0,14
BRDA:216,32,0,2
BRDA:217,33,0,1
BRDA:218,34,0,2
BRDA:225,35,0,24
BRDA:273,36,0,11
BRDA:273,37,0,13
BRDA:276,38,0,0
BRDA:235,39,0,14
BRDA:236,40,0,14
BRDA:246,41,0,0
BRDA:251,42,0,0
BRDA:265,43,0,3
BRDA:266,44,0,3
BRDA:280,45,0,13
BRF:46
BRH:34
end_of_record
TN:
SF:src\components\reuseables\Checkbox.jsx
FN:3,Checkbox
FN:6,onChange
FNF:2
FNH:2
FNDA:17,Checkbox
FNDA:4,onChange
DA:1,1
DA:3,17
DA:4,17
DA:5,17
DA:6,17
DA:7,17
DA:8,17
DA:10,17
LF:8
LH:8
BRDA:3,0,0,17
BRDA:6,1,0,4
BRF:2
BRH:2
end_of_record
TN:
SF:src\components\reuseables\ConfirmDelete.jsx
FN:6,ConfirmDelete
FN:17,onChange
FN:18,onClick
FN:19,onClick
FNF:4
FNH:4
FNDA:32,ConfirmDelete
FNDA:17,onChange
FNDA:5,onClick
FNDA:1,onClick
DA:1,1
DA:2,1
DA:3,1
DA:6,32
DA:7,32
DA:9,32
DA:10,32
DA:11,32
DA:12,32
DA:14,32
DA:15,32
DA:16,32
DA:17,32
DA:18,32
DA:19,32
DA:20,32
DA:21,32
DA:23,32
LF:18
LH:18
BRDA:6,0,0,32
BRDA:15,1,0,24
BRDA:16,2,0,29
BRDA:17,3,0,29
BRDA:18,4,0,3
BRDA:18,5,0,29
BRDA:17,6,0,17
BRDA:18,7,0,5
BRDA:19,8,0,1
BRF:9
BRH:9
end_of_record
TN:
SF:src\components\reuseables\DynamicForm.jsx
FN:11,DynamicForm
FN:39,handleSubmit
FN:85,onChange
FN:93,onChange
FN:101,onChange
FN:109,onChange
FN:117,onChange
FN:125,onChange
FN:139,callback
FN:151,onChange
FNF:10
FNH:10
FNDA:254,DynamicForm
FNDA:20,handleSubmit
FNDA:100,onChange
FNDA:2,onChange
FNDA:1,onChange
FNDA:2,onChange
FNDA:4,onChange
FNDA:3,onChange
FNDA:13,callback
FNDA:4,onChange
DA:1,1
DA:2,1
DA:3,1
DA:4,1
DA:5,1
DA:6,1
DA:7,1
DA:8,1
DA:11,254
DA:12,254
DA:13,254
DA:14,254
DA:15,254
DA:17,254
DA:19,254
DA:20,90
DA:21,90
DA:22,795
DA:23,795
DA:24,0
DA:25,0
DA:26,782
DA:27,9
DA:28,9
DA:29,773
DA:30,773
DA:31,773
DA:32,795
DA:33,23
DA:34,23
DA:35,90
DA:36,90
DA:37,254
DA:39,254
DA:40,20
DA:41,20
DA:42,20
DA:44,20
DA:45,173
DA:46,173
DA:47,3
DA:48,3
DA:49,1
DA:50,1
DA:51,0
DA:52,1
DA:53,1
DA:54,1
DA:55,1
DA:56,3
DA:57,20
DA:59,20
DA:60,190
DA:61,190
DA:62,20
DA:63,20
DA:64,20
DA:65,6
DA:66,6
DA:67,6
DA:68,14
DA:69,20
DA:70,254
DA:71,254
DA:72,254
DA:73,254
DA:74,254
DA:75,2226
DA:76,2226
DA:77,2226
DA:78,2226
DA:79,2226
DA:80,2226
DA:81,2226
DA:82,987
DA:83,987
DA:84,987
DA:85,987
DA:86,987
DA:88,987
DA:89,1080
DA:90,85
DA:91,85
DA:92,85
DA:93,85
DA:94,85
DA:96,85
DA:97,995
DA:98,51
DA:99,51
DA:100,51
DA:101,51
DA:102,51
DA:104,51
DA:105,944
DA:106,277
DA:107,277
DA:108,277
DA:109,277
DA:110,277
DA:112,277
DA:113,667
DA:114,54
DA:115,54
DA:116,54
DA:117,54
DA:118,54
DA:120,54
DA:121,613
DA:122,119
DA:123,119
DA:124,119
DA:125,119
DA:126,119
DA:128,119
DA:129,494
DA:130,387
DA:131,368
DA:132,368
DA:133,368
DA:134,368
DA:135,368
DA:136,368
DA:137,368
DA:138,368
DA:139,368
DA:140,13
DA:141,13
DA:142,13
DA:143,13
DA:144,368
DA:145,368
DA:147,368
DA:148,107
DA:149,105
DA:150,105
DA:151,105
DA:152,105
DA:153,105
DA:155,105
DA:156,2
DA:157,2
DA:158,1
DA:159,1
DA:160,2
DA:161,2
DA:163,2
DA:164,254
DA:165,254
DA:166,254
DA:167,254
DA:168,254
DA:170,254
LF:153
LH:150
BRDA:11,0,0,254
BRDA:73,1,0,9
BRDA:19,2,0,90
BRDA:21,3,0,795
BRDA:22,4,0,13
BRDA:22,5,0,782
BRDA:23,6,0,141
BRDA:23,7,0,0
BRDA:25,8,0,782
BRDA:26,9,0,9
BRDA:27,10,0,0
BRDA:28,11,0,773
BRDA:30,12,0,346
BRDA:32,13,0,23
BRDA:39,14,0,20
BRDA:64,15,0,16
BRDA:64,16,0,6
BRDA:67,17,0,14
BRDA:44,18,0,173
BRDA:45,19,0,5
BRDA:45,20,0,168
BRDA:46,21,0,3
BRDA:48,22,0,1
BRDA:48,23,0,1
BRDA:50,24,0,0
BRDA:59,25,0,190
BRDA:61,26,0,20
BRDA:73,27,0,32
BRDA:74,28,0,2226
BRDA:75,29,0,49
BRDA:75,30,0,2177
BRDA:76,31,0,34
BRDA:76,32,0,13
BRDA:76,33,0,2164
BRDA:77,34,0,112
BRDA:77,35,0,42
BRDA:77,36,0,2191
BRDA:77,37,0,2122
BRDA:78,38,0,2052
BRDA:78,39,0,55
BRDA:78,40,0,2067
BRDA:79,41,0,172
BRDA:79,42,0,926
BRDA:79,43,0,1141
BRDA:80,44,0,2067
BRDA:81,45,0,987
BRDA:85,46,0,309
BRDA:88,47,0,1080
BRDA:89,48,0,85
BRDA:93,49,0,56
BRDA:96,50,0,995
BRDA:97,51,0,51
BRDA:101,52,0,39
BRDA:104,53,0,944
BRDA:105,54,0,277
BRDA:109,55,0,107
BRDA:112,56,0,667
BRDA:113,57,0,54
BRDA:117,58,0,38
BRDA:120,59,0,613
BRDA:121,60,0,119
BRDA:125,61,0,78
BRDA:128,62,0,494
BRDA:129,63,0,387
BRDA:130,64,0,19
BRDA:130,65,0,368
BRDA:147,66,0,107
BRDA:148,67,0,105
BRDA:155,68,0,2
BRDA:157,69,0,1
BRDA:161,70,0,0
BRDA:85,71,0,100
BRDA:85,72,0,100
BRDA:93,73,0,2
BRDA:93,74,0,2
BRDA:101,75,0,1
BRDA:101,76,0,1
BRDA:109,77,0,2
BRDA:109,78,0,2
BRDA:117,79,0,4
BRDA:117,80,0,4
BRDA:125,81,0,3
BRDA:125,82,0,3
BRDA:139,83,0,13
BRDA:140,84,0,13
BRDA:151,85,0,4
BRDA:151,86,0,4
BRF:87
BRH:83
end_of_record
TN:
SF:src\components\reuseables\IndexView.jsx
FN:5,IndexViewWrapper
FN:15,handleSearch
FN:21,handlePageChange
FN:29,onChange
FN:35,onClick
FN:37,onClick
FNF:6
FNH:6
FNDA:67,IndexViewWrapper
FNDA:1,handleSearch
FNDA:2,handlePageChange
FNDA:1,onChange
FNDA:1,onClick
FNDA:1,onClick
DA:1,1
DA:2,1
DA:3,1
DA:5,67
DA:6,67
DA:7,67
DA:8,67
DA:10,67
DA:11,41
DA:12,41
DA:13,67
DA:15,67
DA:16,1
DA:17,1
DA:18,1
DA:19,1
DA:21,67
DA:22,2
DA:23,2
DA:24,2
DA:26,67
DA:27,67
DA:28,67
DA:29,67
DA:30,67
DA:31,67
DA:32,67
DA:33,67
DA:34,67
DA:35,67
DA:36,67
DA:37,67
DA:38,67
DA:39,67
DA:41,67
LF:35
LH:35
BRDA:5,0,0,67
BRDA:31,1,0,25
BRDA:10,2,0,41
BRDA:11,3,0,0
BRDA:15,4,0,1
BRDA:21,5,0,2
BRDA:29,6,0,1
BRDA:35,7,0,1
BRDA:37,8,0,1
BRF:9
BRH:8
end_of_record
TN:
SF:src\components\reuseables\Loading.jsx
FN:4,Loading
FNF:1
FNH:1
FNDA:122,Loading
DA:1,1
DA:2,1
DA:4,122
DA:5,122
DA:6,122
DA:7,122
DA:8,122
DA:9,122
DA:10,122
DA:11,122
DA:12,122
DA:13,122
DA:14,122
DA:16,122
LF:14
LH:14
BRDA:4,0,0,122
BRF:1
BRH:1
end_of_record
TN:
SF:src\components\reuseables\SimpleDynamicRows.jsx
FN:6,Row
FN:25,onChange
FN:27,onClick
FN:46,collect
FN:69,addRow
FN:73,removeRows
FN:94,onCollect
FNF:7
FNH:7
FNDA:26,Row
FNDA:3,onChange
FNDA:1,onClick
FNDA:3,collect
FNDA:3,addRow
FNDA:1,removeRows
FNDA:26,onCollect
DA:1,1
DA:2,1
DA:3,1
DA:6,26
DA:7,26
DA:10,26
DA:11,26
DA:12,4
DA:13,3
DA:14,26
DA:15,26
DA:17,26
DA:18,26
DA:19,26
DA:20,26
DA:21,26
DA:22,26
DA:23,26
DA:24,26
DA:25,26
DA:26,26
DA:27,26
DA:28,26
DA:30,26
DA:33,1
DA:34,17
DA:35,17
DA:36,17
DA:38,17
DA:39,8
DA:40,1
DA:41,1
DA:42,1
DA:43,17
DA:45,17
DA:46,17
DA:47,3
DA:48,3
DA:50,3
DA:51,4
DA:52,4
DA:53,4
DA:54,1
DA:55,1
DA:56,3
DA:57,3
DA:58,3
DA:59,4
DA:60,3
DA:61,1
DA:62,1
DA:63,1
DA:64,2
DA:65,2
DA:66,3
DA:67,17
DA:69,17
DA:70,3
DA:71,3
DA:73,17
DA:74,1
DA:75,1
DA:76,1
DA:78,17
DA:79,17
DA:80,17
DA:81,1
DA:82,1
DA:83,1
DA:85,17
DA:86,17
DA:87,23
DA:88,23
DA:89,23
DA:90,23
DA:91,23
DA:92,23
DA:93,23
DA:94,23
DA:95,23
DA:96,17
DA:97,17
DA:98,17
DA:100,17
DA:102,1
LF:85
LH:85
BRDA:6,0,0,26
BRDA:10,1,0,26
BRDA:11,2,0,4
BRDA:12,3,0,3
BRDA:12,4,0,1
BRDA:25,5,0,3
BRDA:27,6,0,1
BRDA:33,7,0,17
BRDA:80,8,0,1
BRDA:38,9,0,8
BRDA:39,10,0,1
BRDA:40,11,0,2
BRDA:45,12,0,17
BRDA:46,13,0,3
BRDA:50,14,0,4
BRDA:52,15,0,0
BRDA:53,16,0,3
BRDA:53,17,0,1
BRDA:60,18,0,2
BRDA:60,19,0,1
BRDA:69,20,0,3
BRDA:70,21,0,3
BRDA:73,22,0,1
BRDA:74,23,0,1
BRDA:74,24,0,2
BRDA:82,25,0,1
BRDA:86,26,0,23
BRDA:94,27,0,26
BRF:28
BRH:27
end_of_record
TN:
SF:src\components\reuseables\SimpleSelect.jsx
FN:4,SimpleSelect
FN:83,handleChange
FN:110,onChange
FNF:3
FNH:3
FNDA:425,SimpleSelect
FNDA:16,handleChange
FNDA:1,onChange
DA:1,1
DA:2,1
DA:4,425
DA:5,425
DA:6,425
DA:7,425
DA:8,425
DA:9,425
DA:10,425
DA:11,425
DA:12,425
DA:13,425
DA:14,425
DA:15,425
DA:16,425
DA:18,425
DA:19,125
DA:20,103
DA:21,108
DA:22,97
DA:23,6
DA:25,125
DA:26,0
DA:27,0
DA:28,0
DA:30,104
DA:31,102
DA:32,102
DA:33,102
DA:35,103
DA:36,425
DA:39,425
DA:42,425
DA:45,425
DA:46,125
DA:47,7
DA:48,0
DA:49,0
DA:50,7
DA:51,6
DA:52,6
DA:53,1
DA:54,1
DA:55,1
DA:56,7
DA:57,118
DA:58,118
DA:59,0
DA:60,0
DA:61,118
DA:62,80
DA:63,80
DA:64,38
DA:65,38
DA:66,38
DA:67,0
DA:68,0
DA:69,0
DA:70,118
DA:71,425
DA:74,425
DA:75,126
DA:76,1
DA:77,1
DA:78,1
DA:79,4
DA:80,1
DA:81,425
DA:83,425
DA:84,16
DA:85,1
DA:86,1
DA:87,1
DA:88,1
DA:89,15
DA:90,15
DA:91,15
DA:92,15
DA:93,16
DA:95,425
DA:96,46
DA:97,46
DA:99,379
DA:100,379
DA:101,379
DA:102,409
DA:103,425
DA:104,425
DA:105,3
DA:106,3
DA:107,3
DA:108,3
DA:109,3
DA:110,3
DA:111,3
DA:112,3
DA:114,425
DA:115,425
DA:116,425
DA:117,425
DA:118,425
DA:119,425
DA:120,425
DA:121,425
DA:123,425
DA:124,1317
DA:125,1317
DA:126,1317
DA:127,425
DA:128,425
DA:129,425
DA:130,425
DA:132,425
LF:113
LH:103
BRDA:4,0,0,425
BRDA:39,1,0,26
BRDA:39,2,0,399
BRDA:95,3,0,46
BRDA:96,4,0,1
BRDA:97,5,0,409
BRDA:97,6,0,379
BRDA:102,7,0,9
BRDA:103,8,0,26
BRDA:103,9,0,353
BRDA:104,10,0,3
BRDA:18,11,0,125
BRDA:19,12,0,116
BRDA:19,13,0,22
BRDA:19,14,0,108
BRDA:19,15,0,103
BRDA:21,16,0,97
BRDA:21,17,0,97
BRDA:22,18,0,6
BRDA:25,19,0,97
BRDA:25,20,0,122
BRDA:25,21,0,0
BRDA:28,22,0,104
BRDA:28,23,0,103
BRDA:30,24,0,102
BRDA:33,25,0,103
BRDA:35,26,0,321
BRDA:45,27,0,125
BRDA:46,28,0,7
BRDA:47,29,0,0
BRDA:50,30,0,6
BRDA:50,31,0,6
BRDA:52,32,0,1
BRDA:56,33,0,118
BRDA:58,34,0,0
BRDA:61,35,0,92
BRDA:61,36,0,115
BRDA:61,37,0,80
BRDA:63,38,0,38
BRDA:66,39,0,0
BRDA:61,40,0,114
BRDA:74,41,0,126
BRDA:75,42,0,125
BRDA:75,43,0,1
BRDA:78,44,0,4
BRDA:79,45,0,3
BRDA:83,46,0,16
BRDA:84,47,0,15
BRDA:84,48,0,1
BRDA:85,49,0,2
BRDA:85,50,0,2
BRDA:110,51,0,1
BRDA:123,52,0,1317
BRF:53
BRH:49
end_of_record
TN:
SF:src\components\reuseables\charts\IndicatorChart.jsx
FN:14,IndicatorChart
FN:20,getInteractions
FN:44,CustomTooltip
FNF:3
FNH:2
FNDA:5,IndicatorChart
FNDA:4,getInteractions
FNDA:0,CustomTooltip
DA:1,1
DA:2,1
DA:3,1
DA:4,1
DA:5,1
DA:6,1
DA:7,1
DA:8,1
DA:9,1
DA:10,1
DA:12,1
DA:14,5
DA:15,5
DA:16,5
DA:17,5
DA:19,5
DA:20,4
DA:21,4
DA:22,4
DA:23,4
DA:24,0
DA:25,0
DA:26,0
DA:27,0
DA:28,0
DA:29,0
DA:30,4
DA:31,4
DA:32,4
DA:33,4
DA:34,4
DA:35,4
DA:36,5
DA:38,5
DA:39,4
DA:40,0
DA:41,0
DA:42,5
DA:44,5
DA:45,0
DA:47,0
DA:48,0
DA:49,0
DA:50,0
DA:51,0
DA:52,0
DA:53,0
DA:54,0
DA:55,0
DA:56,0
DA:58,0
DA:60,5
DA:61,0
DA:62,0
DA:63,0
DA:64,0
DA:65,0
DA:66,0
DA:67,0
[...]
DA:51,4
DA:53,4
DA:54,4
DA:55,4
DA:56,4
DA:57,4
DA:58,4
DA:59,4
DA:60,4
DA:61,4
DA:62,0
DA:63,0
DA:64,0
DA:65,4
DA:66,4
DA:67,0
DA:68,0
DA:69,0
DA:70,0
DA:71,4
DA:72,4
DA:74,7
DA:76,7
DA:77,0
DA:78,0
DA:79,0
DA:80,0
DA:81,0
DA:83,7
DA:84,3
DA:85,3
DA:86,7
DA:87,7
DA:88,7
DA:89,7
DA:90,7
DA:91,7
DA:92,7
DA:94,7
LF:85
LH:73
BRDA:11,0,0,8
BRDA:21,1,0,2
BRDA:21,2,0,6
BRDA:23,3,0,2
BRDA:21,4,0,2
BRDA:35,5,0,7
BRDA:83,6,0,4
BRDA:83,7,0,3
BRDA:86,8,0,0
BRDA:88,9,0,3
BRDA:88,10,0,0
BRDA:90,11,0,3
BRDA:45,12,0,4
BRDA:46,13,0,4
BRDA:49,14,0,0
BRDA:50,15,0,0
BRDA:51,16,0,0
BRDA:61,17,0,0
BRDA:66,18,0,0
BRDA:90,19,0,6
BRF:20
BRH:13
end_of_record
TN:
SF:src\components\users\userConfig.js
FN:1,userConfig
FNF:1
FNH:1
FNDA:16,userConfig
DA:1,1
DA:2,16
DA:3,16
DA:4,16
DA:5,13
DA:6,13
DA:7,13
DA:8,13
DA:9,13
DA:10,13
DA:11,13
DA:12,13
DA:13,13
DA:14,13
DA:15,13
DA:16,13
DA:17,13
DA:18,13
DA:19,13
DA:20,13
DA:21,13
DA:22,13
DA:23,13
DA:24,13
DA:25,13
DA:26,3
DA:27,3
DA:28,3
DA:29,3
DA:30,3
DA:31,3
DA:32,3
DA:33,3
DA:34,3
DA:35,3
DA:36,3
DA:37,3
DA:38,3
DA:39,3
DA:40,3
DA:41,3
DA:42,3
DA:43,3
DA:44,3
DA:45,3
DA:46,16
LF:46
LH:46
BRDA:1,0,0,16
BRDA:4,1,0,13
BRDA:6,2,0,0
BRDA:6,3,0,0
BRDA:9,4,0,0
BRDA:9,5,0,0
BRDA:15,6,0,0
BRDA:15,7,0,0
BRDA:16,8,0,0
BRDA:16,9,0,0
BRDA:17,10,0,0
BRDA:17,11,0,0
BRDA:18,12,0,0
BRDA:18,13,0,0
BRDA:25,14,0,3
BRDA:28,15,0,0
BRDA:29,16,0,0
BRDA:35,17,0,0
BRDA:36,18,0,0
BRDA:37,19,0,0
BRDA:38,20,0,0
BRF:21
BRH:3
end_of_record
TN:
SF:src\contexts\IndicatorsContext.jsx
FN:5,IndicatorsProvider
FN:20,useIndicators
FNF:2
FNH:2
FNDA:31,IndicatorsProvider
FNDA:83,useIndicators
DA:1,1
DA:3,1
DA:5,1
DA:6,31
DA:7,31
DA:8,31
DA:9,31
DA:10,31
DA:11,31
DA:12,31
DA:13,31
DA:14,31
DA:15,31
DA:16,31
DA:18,31
DA:20,1
LF:16
LH:16
BRDA:5,0,0,31
BRDA:20,1,0,83
BRF:2
BRH:2
end_of_record
TN:
SF:src\contexts\InteractionsContext.jsx
FN:5,InteractionsProvider
FN:16,useInteractions
FNF:2
FNH:2
FNDA:32,InteractionsProvider
FNDA:89,useInteractions
DA:1,1
DA:3,1
DA:5,1
DA:6,32
DA:7,32
DA:8,32
DA:9,32
DA:10,32
DA:11,32
DA:12,32
DA:14,32
DA:16,1
LF:12
LH:12
BRDA:5,0,0,32
BRDA:16,1,0,89
BRF:2
BRH:2
end_of_record
TN:
SF:src\contexts\OrganizationsContext.jsx
FN:5,OrganizationsProvider
FN:18,useOrganizations
FNF:2
FNH:2
FNDA:72,OrganizationsProvider
FNDA:126,useOrganizations
DA:1,1
DA:3,1
DA:5,1
DA:6,72
DA:7,72
DA:8,72
DA:9,72
DA:10,72
DA:11,72
DA:12,72
DA:13,72
DA:14,72
DA:16,72
DA:18,1
LF:14
LH:14
BRDA:5,0,0,72
BRDA:18,1,0,126
BRF:2
BRH:2
end_of_record
TN:
SF:src\contexts\ProjectsContext.jsx
FN:5,ProjectProvider
FN:21,useProjects
FNF:2
FNH:2
FNDA:46,ProjectProvider
FNDA:91,useProjects
DA:1,1
DA:3,1
DA:5,1
DA:6,46
DA:7,46
DA:8,46
DA:9,46
DA:10,46
DA:11,46
DA:12,46
DA:13,46
DA:14,46
DA:15,46
DA:16,46
DA:17,46
DA:19,46
DA:21,1
LF:17
LH:17
BRDA:5,0,0,46
BRDA:21,1,0,91
BRF:2
BRH:2
end_of_record
TN:
SF:src\contexts\RespondentsContext.jsx
FN:5,RespondentsProvider
FN:19,useRespondents
FNF:2
FNH:2
FNDA:57,RespondentsProvider
FNDA:103,useRespondents
DA:1,1
DA:3,1
DA:5,1
DA:6,57
DA:7,57
DA:8,57
DA:9,57
DA:10,57
DA:11,57
DA:12,57
DA:13,57
DA:14,57
DA:15,57
DA:17,57
DA:19,1
LF:15
LH:15
BRDA:5,0,0,57
BRDA:19,1,0,103
BRF:2
BRH:2
end_of_record
TN:
SF:src\contexts\TasksContext.jsx
FN:1,(empty-report)
FNF:1
FNH:0
FNDA:0,(empty-report)
DA:1,0
DA:3,0
DA:5,0
DA:6,0
DA:7,0
DA:8,0
DA:9,0
DA:10,0
DA:12,0
DA:14,0
LF:10
LH:0
BRDA:1,0,0,0
BRF:1
BRH:0
end_of_record
TN:
SF:src\contexts\UserAuth.jsx
FN:6,UserAuth
FN:12,refreshAuth
FN:36,checkAuth
FN:70,useAuth
FNF:4
FNH:4
FNDA:150,UserAuth
FNDA:1,refreshAuth
FNDA:81,checkAuth
FNDA:623,useAuth
DA:1,1
DA:2,1
DA:3,1
DA:4,1
DA:6,1
DA:7,150
DA:8,150
DA:9,150
DA:10,150
DA:12,150
DA:13,1
DA:14,1
DA:15,1
DA:16,1
DA:17,1
DA:18,1
DA:19,1
DA:20,1
DA:21,1
DA:22,1
DA:23,1
DA:24,0
DA:25,0
DA:26,0
DA:27,1
DA:28,0
DA:29,0
DA:30,1
DA:31,1
DA:32,1
DA:33,1
DA:35,150
DA:36,81
DA:37,81
DA:38,81
DA:39,81
DA:40,81
DA:41,81
DA:42,81
DA:43,79
DA:44,79
DA:45,79
DA:46,79
DA:47,79
DA:48,2
DA:49,2
DA:50,2
DA:51,2
DA:52,2
DA:53,81
DA:54,0
DA:55,0
DA:56,0
DA:57,0
DA:58,0
DA:59,0
DA:60,81
DA:61,81
DA:62,150
DA:64,150
DA:65,150
DA:66,150
DA:67,150
DA:69,150
DA:70,1
LF:65
LH:54
BRDA:6,0,0,150
BRDA:12,1,0,1
BRDA:23,2,0,0
BRDA:27,3,0,0
BRDA:35,4,0,81
BRDA:36,5,0,81
BRDA:42,6,0,79
BRDA:47,7,0,2
BRDA:53,8,0,0
BRDA:70,9,0,623
BRF:10
BRH:7
end_of_record
TN:
SF:src\layouts\AdminLayout.jsx
FN:1,(empty-report)
FNF:1
FNH:0
FNDA:0,(empty-report)
DA:1,0
DA:2,0
DA:4,0
DA:5,0
DA:6,0
DA:7,0
DA:8,0
DA:10,0
LF:8
LH:0
BRDA:1,0,0,0
BRF:1
BRH:0
end_of_record
TN:
SF:src\layouts\AuthLayout.jsx
FN:1,(empty-report)
FNF:1
FNH:0
FNDA:0,(empty-report)
DA:1,0
DA:2,0
DA:4,0
DA:5,0
DA:6,0
DA:7,0
DA:8,0
DA:10,0
LF:8
LH:0
BRDA:1,0,0,0
BRF:1
BRH:0
end_of_record
TN:
SF:src\layouts\ProfileLayout.jsx
FN:1,(empty-report)
FNF:1
FNH:0
FNDA:0,(empty-report)
DA:1,0
DA:2,0
DA:4,0
DA:5,0
DA:6,0
DA:7,0
DA:8,0
DA:10,0
LF:8
LH:0
BRDA:1,0,0,0
BRF:1
BRH:0
end_of_record
TN:
SF:src\layouts\ProjectLayout.jsx
FN:1,(empty-report)
FNF:1
FNH:0
FNDA:0,(empty-report)
DA:1,0
DA:2,0
DA:4,0
DA:5,0
DA:6,0
DA:7,0
DA:8,0
DA:10,0
LF:8
LH:0
BRDA:1,0,0,0
BRF:1
BRH:0
end_of_record
TN:
SF:src\layouts\RespondentLayout.jsx
FN:1,(empty-report)
FNF:1
FNH:0
FNDA:0,(empty-report)
DA:1,0
DA:2,0
DA:4,0
DA:5,0
DA:6,0
DA:7,0
DA:8,0
DA:10,0
LF:8
LH:0
BRDA:1,0,0,0
BRF:1
BRH:0
end_of_record
TN:
SF:src\mocks\handlers.js
FNF:0
FNH:0
DA:1,1
DA:2,1
DA:3,1
DA:4,1
DA:5,1
DA:6,1
DA:7,1
DA:8,1
DA:9,141
DA:10,141
DA:11,141
DA:12,141
DA:13,1
DA:14,1
DA:15,145
DA:16,145
DA:17,145
DA:18,145
DA:19,1
DA:20,1
DA:21,12
DA:22,12
DA:23,12
DA:24,1
DA:25,1
DA:26,2
DA:27,1
DA:28,1
DA:29,1
DA:30,1
DA:31,1
DA:32,1
DA:33,1
DA:34,2
DA:35,0
DA:36,0
DA:37,0
DA:38,0
DA:39,0
DA:40,1
DA:41,1
DA:42,2
DA:43,0
DA:44,0
DA:45,0
DA:46,0
DA:47,0
DA:48,1
DA:49,1
DA:50,1
DA:51,1
DA:52,1
DA:53,1
DA:54,1
DA:55,1
DA:56,2
DA:57,1
DA:58,1
DA:59,1
DA:60,1
DA:61,1
DA:62,1
DA:63,1
DA:64,2
DA:65,0
DA:66,0
DA:67,0
DA:68,0
DA:69,0
DA:70,1
DA:71,1
DA:72,2
DA:73,0
DA:74,0
DA:75,0
DA:76,0
DA:77,0
DA:78,1
DA:79,1
DA:80,1
DA:81,1
DA:82,1
DA:83,1
DA:84,1
DA:85,20
DA:86,20
DA:87,20
DA:88,20
DA:89,1
DA:90,1
DA:91,22
DA:92,22
DA:93,22
DA:94,22
DA:95,1
DA:96,1
DA:97,2
DA:98,1
DA:99,1
DA:100,1
DA:101,1
DA:102,1
DA:103,1
DA:104,1
DA:105,2
DA:106,0
DA:107,0
DA:108,0
DA:109,0
DA:110,0
DA:111,2
DA:112,0
DA:113,0
DA:114,0
DA:115,0
DA:116,0
DA:117,1
DA:118,1
DA:119,1
DA:120,2
DA:121,0
DA:122,0
DA:123,0
DA:124,0
DA:125,0
DA:126,1
DA:127,1
DA:128,1
DA:129,1
DA:130,1
DA:131,1
DA:132,1
DA:133,2
DA:134,1
DA:135,1
DA:136,1
DA:137,1
DA:138,1
DA:139,1
DA:140,1
DA:141,2
DA:142,0
DA:143,0
DA:144,0
DA:145,0
DA:146,0
DA:147,2
DA:148,0
DA:149,0
DA:150,0
DA:151,0
DA:152,0
DA:153,1
DA:154,1
DA:155,1
DA:156,2
DA:157,0
DA:158,0
DA:159,0
DA:160,0
DA:161,0
DA:162,1
DA:163,1
DA:164,1
DA:165,1
DA:166,1
DA:167,1
DA:168,1
DA:169,13
DA:170,1
DA:171,1
DA:172,20
DA:173,20
DA:174,20
DA:175,1
DA:176,1
DA:177,32
DA:178,32
DA:179,32
DA:180,32
DA:181,1
DA:182,1
DA:183,13
DA:184,13
DA:185,13
DA:186,1
DA:187,1
DA:188,2
DA:189,1
DA:190,1
DA:191,1
DA:192,1
DA:193,1
DA:194,1
DA:195,1
DA:196,2
DA:197,0
DA:198,0
DA:199,0
DA:200,0
DA:201,0
DA:202,2
DA:203,0
DA:204,0
DA:205,0
DA:206,0
DA:207,0
DA:208,1
DA:209,1
DA:210,1
DA:211,2
DA:212,0
DA:213,0
DA:214,0
DA:215,0
DA:216,0
DA:217,1
DA:218,1
DA:219,1
DA:220,1
DA:221,1
DA:222,1
DA:223,1
DA:224,1
DA:225,2
DA:226,1
DA:227,1
DA:228,1
DA:229,1
DA:230,1
DA:231,1
DA:232,1
DA:233,2
DA:234,0
DA:235,0
DA:236,0
DA:237,0
DA:238,0
DA:239,2
DA:240,0
DA:241,0
DA:242,0
DA:243,0
DA:244,0
DA:245,1
DA:246,1
DA:247,1
DA:248,2
DA:249,0
DA:250,0
DA:251,0
DA:252,0
DA:253,0
DA:254,1
DA:255,1
DA:256,1
DA:257,1
DA:258,1
DA:259,1
DA:260,1
DA:261,16
DA:262,16
DA:263,16
DA:264,16
DA:265,1
DA:266,1
DA:267,2
DA:268,2
DA:269,1
DA:270,1
DA:271,2
DA:272,2
DA:273,2
DA:274,2
DA:275,2
DA:276,2
DA:277,2
DA:278,2
DA:279,2
DA:280,0
DA:281,0
DA:282,0
DA:283,0
DA:284,0
DA:285,2
DA:286,0
DA:287,0
DA:288,0
DA:289,0
DA:290,0
DA:291,2
DA:292,2
DA:293,2
DA:294,2
DA:295,0
DA:296,0
DA:297,0
DA:298,0
DA:299,0
DA:300,2
DA:301,2
DA:302,2
DA:303,2
DA:304,2
DA:305,1
DA:306,1
DA:307,1
DA:308,0
DA:309,0
DA:310,0
DA:311,0
DA:312,0
DA:313,0
DA:314,0
DA:315,0
DA:316,0
DA:317,0
DA:318,0
DA:319,0
DA:320,0
DA:321,0
DA:322,0
DA:323,0
DA:324,0
DA:325,0
DA:326,0
DA:327,0
DA:328,0
DA:329,0
DA:330,0
DA:331,0
DA:332,0
DA:333,0
DA:334,0
DA:335,0
DA:336,0
DA:337,0
DA:338,0
DA:339,0
DA:340,0
DA:341,0
DA:342,1
DA:343,1
DA:344,1
DA:345,1
DA:346,1
DA:347,1
DA:348,30
DA:349,30
DA:350,30
DA:351,1
DA:352,1
DA:353,8
DA:354,8
DA:355,8
DA:356,8
DA:357,1
DA:358,1
DA:359,15
DA:360,15
DA:361,15
DA:362,1
DA:363,1
DA:364,4
DA:365,4
DA:366,4
DA:367,1
DA:368,1
DA:369,4
DA:370,2
DA:371,2
DA:372,2
DA:373,2
DA:374,4
DA:375,1
DA:376,1
DA:377,4
DA:378,1
DA:379,1
DA:380,2
DA:381,2
DA:382,2
DA:383,4
DA:384,0
DA:385,0
DA:386,0
DA:387,0
DA:388,0
DA:389,2
DA:390,2
DA:391,2
DA:392,4
DA:393,1
DA:394,1
DA:395,1
DA:396,1
DA:397,1
DA:398,1
DA:399,1
DA:400,1
DA:401,1
DA:402,1
DA:403,1
DA:404,1
DA:405,1
DA:406,2
DA:407,1
DA:408,1
DA:409,1
DA:410,1
DA:411,1
DA:412,1
DA:413,1
DA:414,2
DA:415,0
DA:416,0
DA:417,1
DA:418,1
DA:419,1
DA:420,2
DA:421,0
DA:422,0
DA:423,0
DA:424,0
DA:425,0
DA:426,1
DA:427,1
DA:428,1
DA:429,2
DA:430,0
DA:431,0
DA:432,0
DA:433,0
DA:434,0
DA:435,1
DA:436,1
DA:437,1
DA:438,1
DA:439,1
DA:440,1
DA:441,1
DA:442,1
DA:443,23
DA:444,23
DA:445,23
DA:446,23
DA:447,1
DA:448,1
DA:449,1
DA:450,1
DA:451,0
DA:452,0
DA:453,0
DA:454,0
DA:455,0
DA:456,0
DA:457,0
DA:458,0
DA:459,0
DA:460,0
DA:461,0
DA:462,1
DA:463,1
DA:464,1
DA:465,0
DA:466,0
DA:467,0
DA:468,0
DA:469,0
DA:470,0
DA:471,0
DA:472,0
DA:473,0
DA:474,0
DA:475,0
DA:476,1
DA:477,1
DA:478,1
DA:479,1
DA:480,1
DA:481,1
DA:482,1
DA:483,1
DA:484,0
DA:485,0
DA:486,1
DA:487,1
DA:488,1
DA:489,1
DA:490,1
DA:491,1
DA:492,1
DA:493,1
DA:494,1
DA:495,1
DA:496,1
DA:497,8
DA:498,8
DA:499,8
DA:500,8
DA:501,1
DA:502,1
DA:503,14
DA:504,14
DA:505,14
DA:506,1
DA:507,1
DA:508,4
DA:509,2
DA:510,2
DA:511,2
DA:512,2
DA:513,2
DA:514,2
DA:515,4
DA:516,0
DA:517,0
DA:518,0
DA:519,0
DA:520,0
DA:521,2
DA:522,2
DA:523,4
DA:524,0
DA:525,0
DA:526,0
DA:527,0
DA:528,0
DA:529,2
DA:530,2
DA:531,2
DA:532,2
DA:533,2
DA:534,1
DA:535,1
DA:536,1
DA:537,6
DA:538,4
DA:539,4
DA:540,4
DA:541,4
DA:542,4
DA:543,4
DA:544,4
DA:545,6
DA:546,0
DA:547,0
DA:548,0
DA:549,0
DA:550,0
DA:551,4
DA:552,4
DA:553,4
DA:554,6
DA:555,0
DA:556,0
DA:557,0
DA:558,0
DA:559,0
DA:560,4
DA:561,4
DA:562,4
DA:563,4
DA:564,4
DA:565,1
DA:566,1
DA:567,4
DA:568,4
DA:569,4
DA:570,4
DA:571,4
DA:572,4
DA:573,4
DA:574,4
DA:575,4
DA:576,4
DA:577,4
DA:578,4
DA:579,4
DA:580,4
DA:581,4
DA:582,4
DA:583,1
DA:584,1
DA:585,2
DA:586,2
DA:587,2
DA:588,2
DA:589,2
DA:590,2
DA:591,2
DA:592,0
DA:593,1
DA:594,1
DA:595,1
DA:596,0
DA:597,0
DA:598,0
DA:599,0
DA:600,0
DA:601,0
DA:602,0
DA:603,1
DA:604,1
DA:605,1
LF:605
LH:407
BRDA:8,0,0,141
BRDA:14,1,0,145
BRDA:20,2,0,12
BRDA:25,3,0,2
BRDA:27,4,0,1
BRDA:34,5,0,0
BRDA:39,6,0,1
BRDA:42,7,0,0
BRDA:47,8,0,1
BRDA:33,9,0,1
BRDA:41,10,0,9
BRDA:55,11,0,2
BRDA:57,12,0,1
BRDA:64,13,0,0
BRDA:69,14,0,1
BRDA:72,15,0,0
BRDA:77,16,0,1
BRDA:63,17,0,1
BRDA:71,18,0,9
BRDA:84,19,0,20
BRDA:90,20,0,22
BRDA:96,21,0,2
BRDA:98,22,0,1
BRDA:105,23,0,0
BRDA:110,24,0,1
BRDA:111,25,0,0
BRDA:116,26,0,1
BRDA:120,27,0,0
BRDA:125,28,0,1
BRDA:104,29,0,3
BRDA:119,30,0,8
BRDA:132,31,0,2
BRDA:134,32,0,1
BRDA:141,33,0,0
BRDA:146,34,0,1
BRDA:147,35,0,0
BRDA:152,36,0,1
BRDA:156,37,0,0
BRDA:161,38,0,1
BRDA:140,39,0,3
BRDA:155,40,0,8
BRDA:168,41,0,13
BRDA:171,42,0,20
BRDA:176,43,0,32
BRDA:182,44,0,13
BRDA:187,45,0,2
BRDA:189,46,0,1
BRDA:196,47,0,0
BRDA:201,48,0,1
BRDA:202,49,0,0
BRDA:202,50,0,0
BRDA:207,51,0,1
BRDA:211,52,0,0
BRDA:216,53,0,1
BRDA:195,54,0,4
BRDA:210,55,0,6
BRDA:224,56,0,2
BRDA:226,57,0,1
BRDA:233,58,0,0
BRDA:238,59,0,1
BRDA:239,60,0,0
BRDA:239,61,0,0
BRDA:244,62,0,1
BRDA:248,63,0,0
BRDA:253,64,0,1
BRDA:232,65,0,4
BRDA:247,66,0,6
BRDA:260,67,0,16
BRDA:266,68,0,2
BRDA:270,69,0,2
BRDA:279,70,0,0
BRDA:285,71,0,0
BRDA:285,72,0,0
BRDA:294,73,0,0
BRDA:278,74,0,6
BRDA:293,75,0,12
BRDA:343,76,0,1
BRDA:347,77,0,30
BRDA:352,78,0,8
BRDA:358,79,0,15
BRDA:363,80,0,4
BRDA:368,81,0,4
BRDA:370,82,0,2
BRDA:374,83,0,1
BRDA:376,84,0,2
BRDA:377,85,0,1
BRDA:379,86,0,2
BRDA:383,87,0,0
BRDA:388,88,0,2
BRDA:392,89,0,1
BRDA:382,90,0,15
BRDA:391,91,0,27
BRDA:405,92,0,2
BRDA:407,93,0,1
BRDA:414,94,0,0
BRDA:416,95,0,1
BRDA:420,96,0,0
BRDA:425,97,0,1
BRDA:429,98,0,0
BRDA:434,99,0,1
BRDA:419,100,0,8
BRDA:428,101,0,12
BRDA:442,102,0,23
BRDA:478,103,0,1
BRDA:483,104,0,0
BRDA:496,105,0,8
BRDA:502,106,0,14
BRDA:507,107,0,4
BRDA:509,108,0,2
BRDA:515,109,0,0
BRDA:520,110,0,2
BRDA:523,111,0,0
BRDA:528,112,0,2
BRDA:514,113,0,14
BRDA:522,114,0,16
BRDA:536,115,0,6
BRDA:538,116,0,4
BRDA:545,117,0,0
BRDA:550,118,0,4
BRDA:554,119,0,0
BRDA:559,120,0,4
BRDA:553,121,0,14
BRDA:566,122,0,4
BRDA:584,123,0,2
BRDA:585,124,0,0
BRDA:591,125,0,0
BRF:126
BRH:93
end_of_record
TN:
SF:src\mocks\server.js
FNF:0
FNH:0
DA:1,1
DA:2,1
DA:3,1
DA:4,1
LF:4
LH:4
BRF:0
BRH:0
end_of_record
TN:
SF:src\mocks\handlerHelpers\indicatorHandler.js
FNF:0
FNH:0
DA:1,1
DA:2,1
DA:3,1
DA:4,1
DA:5,1
DA:6,1
DA:7,1
DA:8,1
DA:9,1
DA:10,1
DA:11,1
DA:12,1
DA:13,1
DA:14,1
DA:15,1
DA:16,1
DA:17,1
DA:18,1
DA:19,1
DA:20,1
DA:21,1
DA:22,1
DA:23,1
DA:24,1
DA:25,1
DA:26,1
DA:27,1
DA:28,1
DA:29,1
DA:30,1
DA:31,1
DA:32,1
DA:33,1
DA:34,1
DA:35,1
DA:36,1
DA:37,1
DA:38,1
DA:39,1
DA:40,1
DA:41,1
DA:42,1
DA:43,1
DA:44,1
DA:45,1
DA:46,1
DA:47,1
DA:48,1
DA:49,1
DA:50,1
DA:51,1
DA:52,1
DA:53,1
DA:54,1
DA:55,1
DA:56,1
DA:57,1
DA:58,1
DA:59,1
DA:60,1
DA:61,1
DA:62,1
DA:63,1
DA:64,1
DA:65,1
DA:66,1
DA:67,1
DA:68,1
DA:69,1
DA:70,1
DA:71,1
DA:72,1
DA:73,1
DA:74,1
DA:75,1
DA:76,1
DA:77,1
DA:78,1
DA:79,1
DA:80,1
DA:81,1
DA:82,1
DA:83,1
DA:84,1
DA:85,1
LF:85
LH:85
BRF:0
BRH:0
end_of_record
TN:
SF:src\mocks\handlerHelpers\organizationsHandler.js
FNF:0
FNH:0
DA:1,1
DA:2,1
DA:3,1
DA:4,1
DA:5,1
DA:6,1
DA:7,1
DA:8,1
DA:9,1
DA:10,1
DA:11,1
DA:12,1
DA:13,1
DA:14,1
DA:15,1
DA:16,1
DA:17,1
DA:18,1
DA:19,1
DA:20,1
DA:21,1
DA:22,1
DA:23,1
DA:24,1
DA:25,1
DA:26,1
DA:27,1
DA:28,1
DA:29,1
DA:30,1
DA:31,1
DA:32,1
DA:33,1
DA:34,1
DA:35,1
DA:36,1
DA:37,1
DA:38,1
DA:39,1
DA:40,1
DA:41,1
DA:42,1
DA:43,1
DA:44,1
DA:45,1
DA:46,1
DA:47,1
DA:48,1
LF:48
LH:48
BRF:0
BRH:0
end_of_record
TN:
SF:src\mocks\handlerHelpers\projectHandler.js
FNF:0
FNH:0
DA:1,1
DA:2,1
DA:3,1
DA:4,1
DA:5,1
DA:6,1
DA:7,1
DA:8,1
DA:9,1
DA:10,1
DA:11,1
DA:12,1
DA:13,1
DA:14,1
DA:15,1
DA:16,1
DA:17,1
DA:18,1
DA:19,1
DA:20,1
DA:21,1
DA:22,1
DA:23,1
DA:24,1
DA:25,1
DA:26,1
DA:27,1
DA:28,1
DA:29,1
DA:30,1
DA:31,1
DA:32,1
DA:33,1
DA:34,1
DA:35,1
DA:36,1
DA:37,1
DA:38,1
DA:39,1
DA:40,1
DA:41,1
DA:42,1
DA:43,1
DA:44,1
DA:45,1
DA:46,1
DA:47,1
DA:48,1
DA:49,1
DA:50,1
DA:51,1
DA:52,1
DA:53,1
DA:54,1
DA:55,1
DA:56,1
DA:57,1
DA:58,1
DA:59,1
DA:60,1
DA:61,1
DA:62,1
DA:63,1
DA:64,1
DA:65,1
DA:66,1
DA:67,1
DA:68,1
DA:69,1
DA:70,1
DA:71,1
DA:72,1
DA:73,1
DA:74,1
DA:75,1
DA:76,1
DA:77,1
DA:78,1
DA:79,1
DA:80,1
DA:81,1
DA:82,1
DA:83,1
DA:84,1
DA:85,1
DA:86,1
DA:87,1
DA:88,1
DA:89,1
DA:90,1
DA:91,1
DA:92,1
DA:93,1
DA:94,1
DA:95,1
DA:96,1
DA:97,1
DA:98,1
DA:99,1
DA:100,1
DA:101,1
DA:102,1
DA:103,1
DA:104,1
DA:105,1
DA:106,1
DA:107,1
DA:108,1
DA:109,1
DA:110,1
DA:111,1
DA:112,1
DA:113,1
DA:114,1
DA:115,1
DA:116,1
DA:117,1
DA:118,1
DA:119,1
DA:120,1
DA:121,1
DA:122,1
DA:123,1
DA:124,1
DA:125,1
DA:126,1
DA:127,1
DA:128,1
DA:129,1
DA:130,1
DA:131,1
DA:132,1
LF:132
LH:132
BRF:0
BRH:0
end_of_record
TN:
SF:src\mocks\handlerHelpers\respondentsHandler.js
FNF:0
FNH:0
DA:1,1
DA:2,1
DA:3,1
DA:4,1
DA:5,1
DA:6,1
DA:7,1
DA:8,1
DA:9,1
DA:10,1
DA:11,1
DA:12,1
DA:13,1
DA:14,1
DA:15,1
DA:16,1
DA:17,1
DA:18,1
DA:19,1
DA:20,1
DA:21,1
DA:22,1
DA:23,1
DA:24,1
DA:25,1
DA:26,1
DA:27,1
DA:28,1
DA:29,1
DA:30,1
DA:31,1
DA:32,1
DA:33,1
DA:34,1
DA:35,1
DA:36,1
DA:37,1
DA:38,1
DA:39,1
DA:40,1
DA:41,1
DA:42,1
DA:43,1
DA:44,1
DA:45,1
DA:46,1
DA:47,1
DA:48,1
DA:49,1
DA:50,1
DA:51,1
DA:52,1
DA:53,1
DA:54,1
DA:55,1
DA:56,1
DA:57,1
DA:58,1
DA:59,1
DA:60,1
DA:61,1
DA:62,1
DA:63,1
DA:64,1
DA:65,1
DA:66,1
DA:67,1
DA:68,1
DA:69,1
DA:70,1
DA:71,1
DA:72,1
DA:73,1
DA:74,1
DA:75,1
DA:76,1
DA:77,1
DA:78,1
DA:79,1
DA:80,1
DA:81,1
DA:82,1
DA:83,1
DA:84,1
DA:85,1
DA:86,1
DA:87,1
DA:88,1
DA:89,1
DA:90,1
DA:91,1
DA:92,1
DA:93,1
DA:94,1
DA:95,1
DA:96,1
DA:97,1
DA:98,1
DA:99,1
DA:100,1
DA:101,1
DA:102,1
DA:103,1
DA:104,1
DA:105,1
DA:106,2
DA:107,1
DA:108,1
DA:109,1
DA:110,1
DA:111,2
DA:112,0
DA:113,0
DA:114,1
DA:115,2
DA:116,0
DA:117,0
DA:118,1
DA:119,2
DA:120,0
DA:121,0
DA:122,1
DA:123,1
DA:124,2
DA:125,2
DA:126,0
DA:127,0
DA:128,2
DA:129,0
DA:130,0
DA:131,2
DA:132,2
DA:133,2
DA:134,0
DA:135,0
DA:136,1
DA:137,1
DA:138,1
DA:139,2
DA:140,1
DA:141,1
DA:142,1
DA:143,1
DA:144,6
DA:145,3
DA:146,3
DA:147,6
DA:148,0
DA:149,0
DA:150,0
DA:151,0
DA:152,0
DA:153,3
DA:154,3
DA:155,1
LF:155
LH:138
BRDA:105,0,0,2
BRDA:107,1,0,1
BRDA:111,2,0,0
BRDA:113,3,0,1
BRDA:115,4,0,0
BRDA:117,5,0,1
BRDA:119,6,0,0
BRDA:121,7,0,1
BRDA:133,8,0,0
BRDA:135,9,0,1
BRDA:124,10,0,2
BRDA:125,11,0,0
BRDA:128,12,0,0
BRDA:143,13,0,6
BRDA:145,14,0,3
BRDA:147,15,0,3
BRDA:147,16,0,3
BRDA:147,17,0,0
BRDA:152,18,0,3
BRF:19
BRH:12
end_of_record
TN:
SF:src\mocks\handlerHelpers\usersHandler.js
FNF:0
FNH:0
DA:1,1
DA:2,1
DA:3,1
DA:4,1
DA:5,1
DA:6,1
DA:7,1
DA:8,1
DA:9,1
DA:10,1
DA:11,1
DA:12,1
DA:13,1
DA:14,1
DA:15,1
DA:16,1
DA:17,1
DA:18,1
DA:19,1
DA:20,1
DA:21,1
DA:22,1
DA:23,1
DA:24,1
LF:24
LH:24
BRF:0
BRH:0
end_of_record
TN:
SF:src\mocks\utils\UserAuth.jsx
FN:3,MockUserAuthProvider
FNF:1
FNH:1
FNDA:40,MockUserAuthProvider
DA:1,1
DA:3,1
DA:4,40
DA:5,40
DA:6,40
DA:7,40
DA:8,40
DA:9,40
DA:10,40
DA:12,40
DA:13,40
DA:15,40
LF:12
LH:12
BRDA:3,0,0,40
BRF:1
BRH:1
end_of_record
TN:
SF:src\routes\Routes.jsx
FN:1,(empty-report)
FNF:1
FNH:0
FNDA:0,(empty-report)
DA:1,0
DA:2,0
DA:3,0
DA:5,0
DA:6,0
DA:7,0
DA:8,0
DA:12,0
DA:13,0
DA:14,0
DA:16,0
DA:18,0
DA:19,0
DA:20,0
DA:21,0
DA:22,0
DA:25,0
DA:26,0
DA:27,0
DA:28,0
DA:29,0
DA:30,0
DA:31,0
DA:34,0
DA:37,0
DA:38,0
DA:39,0
DA:40,0
DA:43,0
DA:44,0
DA:45,0
DA:46,0
DA:48,0
DA:49,0
DA:51,0
DA:52,0
DA:53,0
DA:54,0
DA:55,0
DA:57,0
DA:58,0
DA:59,0
DA:60,0
DA:61,0
DA:62,0
DA:63,0
DA:64,0
DA:65,0
DA:66,0
DA:68,0
DA:70,0
DA:71,0
DA:72,0
DA:73,0
DA:74,0
DA:75,0
DA:76,0
DA:79,0
DA:80,0
DA:81,0
DA:82,0
DA:83,0
DA:85,0
DA:86,0
DA:87,0
DA:88,0
DA:89,0
DA:90,0
DA:91,0
DA:94,0
DA:95,0
DA:96,0
DA:97,0
DA:98,0
DA:99,0
DA:101,0
DA:102,0
DA:103,0
DA:104,0
DA:105,0
DA:106,0
DA:107,0
DA:110,0
DA:111,0
DA:112,0
DA:113,0
DA:114,0
DA:115,0
DA:116,0
DA:117,0
DA:118,0
DA:119,0
DA:120,0
DA:121,0
DA:122,0
DA:123,0
DA:124,0
DA:125,0
DA:126,0
DA:127,0
DA:128,0
DA:129,0
DA:130,0
DA:131,0
DA:132,0
DA:133,0
DA:134,0
DA:135,0
DA:137,0
DA:139,0
DA:140,0
DA:141,0
DA:142,0
DA:143,0
DA:144,0
DA:145,0
DA:148,0
DA:149,0
DA:150,0
DA:151,0
DA:152,0
DA:153,0
DA:154,0
DA:155,0
DA:156,0
DA:157,0
DA:159,0
DA:160,0
DA:161,0
DA:162,0
DA:163,0
DA:164,0
DA:165,0
DA:166,0
DA:167,0
DA:168,0
DA:169,0
DA:171,0
DA:172,0
DA:173,0
DA:174,0
DA:175,0
DA:176,0
DA:177,0
DA:180,0
DA:181,0
DA:182,0
DA:183,0
DA:184,0
DA:185,0
DA:186,0
DA:187,0
DA:188,0
DA:189,0
DA:191,0
DA:192,0
DA:193,0
DA:194,0
DA:195,0
DA:196,0
DA:197,0
DA:198,0
DA:199,0
DA:200,0
DA:201,0
DA:203,0
DA:204,0
DA:205,0
DA:206,0
DA:207,0
DA:208,0
DA:209,0
DA:212,0
DA:213,0
DA:214,0
DA:215,0
DA:216,0
DA:217,0
DA:218,0
DA:219,0
DA:221,0
DA:222,0
DA:223,0
DA:224,0
DA:225,0
DA:226,0
DA:227,0
DA:228,0
DA:229,0
DA:231,0
DA:232,0
DA:233,0
DA:234,0
DA:235,0
DA:236,0
DA:237,0
DA:240,0
DA:241,0
DA:242,0
DA:243,0
DA:244,0
DA:245,0
DA:246,0
DA:247,0
DA:248,0
DA:249,0
DA:251,0
DA:252,0
DA:253,0
DA:254,0
DA:255,0
DA:256,0
DA:257,0
DA:258,0
DA:259,0
DA:260,0
DA:261,0
DA:263,0
DA:264,0
DA:265,0
DA:266,0
DA:267,0
DA:268,0
DA:269,0
DA:272,0
DA:273,0
DA:274,0
DA:275,0
DA:279,0
DA:280,0
DA:281,0
DA:282,0
DA:284,0
DA:286,0
DA:287,0
DA:288,0
DA:289,0
DA:290,0
DA:291,0
DA:292,0
DA:294,0
DA:295,0
DA:296,0
DA:297,0
DA:298,0
DA:299,0
DA:300,0
DA:302,0
DA:303,0
DA:304,0
DA:305,0
DA:306,0
DA:307,0
DA:308,0
DA:310,0
DA:311,0
DA:312,0
DA:313,0
DA:314,0
DA:315,0
DA:316,0
DA:317,0
DA:318,0
DA:321,0
DA:322,0
DA:324,0
DA:326,0
LF:267
LH:0
BRDA:1,0,0,0
BRF:1
BRH:0
end_of_record
